mode: atomic
github.com/Beigelman/nossas-despesas/main.go:23.13,27.36 3 0
github.com/Beigelman/nossas-despesas/main.go:27.36,29.3 1 0
github.com/Beigelman/nossas-despesas/main.go:29.8,31.3 1 0
github.com/Beigelman/nossas-despesas/main.go:33.2,48.24 2 0
github.com/Beigelman/nossas-despesas/main.go:48.24,50.3 1 0
github.com/Beigelman/nossas-despesas/internal/modules/auth/module/auth.go:13.119,24.50 10 0
github.com/Beigelman/nossas-despesas/internal/modules/auth/module/auth.go:24.50,24.90 1 0
github.com/Beigelman/nossas-despesas/internal/modules/auth/auth.go:40.67,42.16 2 0
github.com/Beigelman/nossas-despesas/internal/modules/auth/auth.go:42.16,44.3 1 0
github.com/Beigelman/nossas-despesas/internal/modules/auth/auth.go:46.2,58.8 2 0
github.com/Beigelman/nossas-despesas/internal/modules/auth/auth.go:67.53,79.2 1 0
github.com/Beigelman/nossas-despesas/internal/modules/auth/auth.go:81.52,82.23 1 0
github.com/Beigelman/nossas-despesas/internal/modules/auth/auth.go:82.23,84.3 1 0
github.com/Beigelman/nossas-despesas/internal/modules/auth/auth.go:86.2,87.19 2 0
github.com/Beigelman/nossas-despesas/internal/modules/auth/controller/refresh_token.go:22.86,24.36 2 0
github.com/Beigelman/nossas-despesas/internal/modules/auth/controller/refresh_token.go:24.36,26.46 2 0
github.com/Beigelman/nossas-despesas/internal/modules/auth/controller/refresh_token.go:26.46,28.4 1 0
github.com/Beigelman/nossas-despesas/internal/modules/auth/controller/refresh_token.go:30.3,30.45 1 0
github.com/Beigelman/nossas-despesas/internal/modules/auth/controller/refresh_token.go:30.45,32.4 1 0
github.com/Beigelman/nossas-despesas/internal/modules/auth/controller/refresh_token.go:34.3,37.17 2 0
github.com/Beigelman/nossas-despesas/internal/modules/auth/controller/refresh_token.go:37.17,39.4 1 0
github.com/Beigelman/nossas-despesas/internal/modules/auth/controller/refresh_token.go:41.3,48.27 1 0
github.com/Beigelman/nossas-despesas/internal/modules/auth/controller/refresh_token.go:48.27,49.37 1 0
github.com/Beigelman/nossas-despesas/internal/modules/auth/controller/refresh_token.go:49.37,51.8 1 0
github.com/Beigelman/nossas-despesas/internal/modules/auth/controller/refresh_token.go:52.7,52.40 1 0
github.com/Beigelman/nossas-despesas/internal/modules/auth/controller/router.go:13.3,25.2 7 0
github.com/Beigelman/nossas-despesas/internal/modules/auth/controller/sign_in_with_credentials.go:42.106,44.36 2 0
github.com/Beigelman/nossas-despesas/internal/modules/auth/controller/sign_in_with_credentials.go:44.36,46.46 2 0
github.com/Beigelman/nossas-despesas/internal/modules/auth/controller/sign_in_with_credentials.go:46.46,48.4 1 0
github.com/Beigelman/nossas-despesas/internal/modules/auth/controller/sign_in_with_credentials.go:50.3,50.45 1 0
github.com/Beigelman/nossas-despesas/internal/modules/auth/controller/sign_in_with_credentials.go:50.45,52.4 1 0
github.com/Beigelman/nossas-despesas/internal/modules/auth/controller/sign_in_with_credentials.go:54.3,58.17 2 0
github.com/Beigelman/nossas-despesas/internal/modules/auth/controller/sign_in_with_credentials.go:58.17,60.4 1 0
github.com/Beigelman/nossas-despesas/internal/modules/auth/controller/sign_in_with_credentials.go:62.3,63.33 2 0
github.com/Beigelman/nossas-despesas/internal/modules/auth/controller/sign_in_with_credentials.go:63.33,65.4 1 0
github.com/Beigelman/nossas-despesas/internal/modules/auth/controller/sign_in_with_credentials.go:67.3,82.4 1 0
github.com/Beigelman/nossas-despesas/internal/modules/auth/controller/sign_in_with_google.go:22.86,24.36 2 0
github.com/Beigelman/nossas-despesas/internal/modules/auth/controller/sign_in_with_google.go:24.36,26.46 2 0
github.com/Beigelman/nossas-despesas/internal/modules/auth/controller/sign_in_with_google.go:26.46,28.4 1 0
github.com/Beigelman/nossas-despesas/internal/modules/auth/controller/sign_in_with_google.go:30.3,30.45 1 0
github.com/Beigelman/nossas-despesas/internal/modules/auth/controller/sign_in_with_google.go:30.45,32.4 1 0
github.com/Beigelman/nossas-despesas/internal/modules/auth/controller/sign_in_with_google.go:34.3,37.17 2 0
github.com/Beigelman/nossas-despesas/internal/modules/auth/controller/sign_in_with_google.go:37.17,39.4 1 0
github.com/Beigelman/nossas-despesas/internal/modules/auth/controller/sign_in_with_google.go:41.3,42.33 2 0
github.com/Beigelman/nossas-despesas/internal/modules/auth/controller/sign_in_with_google.go:42.33,44.4 1 0
github.com/Beigelman/nossas-despesas/internal/modules/auth/controller/sign_in_with_google.go:45.3,60.4 1 0
github.com/Beigelman/nossas-despesas/internal/modules/auth/controller/sign_up_with_credentials.go:28.106,30.36 2 0
github.com/Beigelman/nossas-despesas/internal/modules/auth/controller/sign_up_with_credentials.go:30.36,32.46 2 0
github.com/Beigelman/nossas-despesas/internal/modules/auth/controller/sign_up_with_credentials.go:32.46,34.4 1 0
github.com/Beigelman/nossas-despesas/internal/modules/auth/controller/sign_up_with_credentials.go:36.3,36.45 1 0
github.com/Beigelman/nossas-despesas/internal/modules/auth/controller/sign_up_with_credentials.go:36.45,38.4 1 0
github.com/Beigelman/nossas-despesas/internal/modules/auth/controller/sign_up_with_credentials.go:40.3,46.30 1 0
github.com/Beigelman/nossas-despesas/internal/modules/auth/controller/sign_up_with_credentials.go:46.30,47.27 1 0
github.com/Beigelman/nossas-despesas/internal/modules/auth/controller/sign_up_with_credentials.go:47.27,49.6 1 0
github.com/Beigelman/nossas-despesas/internal/modules/auth/controller/sign_up_with_credentials.go:50.5,50.42 1 0
github.com/Beigelman/nossas-despesas/internal/modules/auth/controller/sign_up_with_credentials.go:53.3,53.17 1 0
github.com/Beigelman/nossas-despesas/internal/modules/auth/controller/sign_up_with_credentials.go:53.17,55.4 1 0
github.com/Beigelman/nossas-despesas/internal/modules/auth/controller/sign_up_with_credentials.go:57.3,58.33 2 0
github.com/Beigelman/nossas-despesas/internal/modules/auth/controller/sign_up_with_credentials.go:58.33,60.4 1 0
github.com/Beigelman/nossas-despesas/internal/modules/auth/controller/sign_up_with_credentials.go:62.3,77.4 1 0
github.com/Beigelman/nossas-despesas/internal/modules/category/category.go:26.34,38.2 1 0
github.com/Beigelman/nossas-despesas/internal/modules/category/group.go:24.41,35.2 1 0
github.com/Beigelman/nossas-despesas/internal/modules/category/controller/create_category.go:30.78,32.36 2 0
github.com/Beigelman/nossas-despesas/internal/modules/category/controller/create_category.go:32.36,34.46 2 0
github.com/Beigelman/nossas-despesas/internal/modules/category/controller/create_category.go:34.46,36.4 1 0
github.com/Beigelman/nossas-despesas/internal/modules/category/controller/create_category.go:38.3,38.45 1 0
github.com/Beigelman/nossas-despesas/internal/modules/category/controller/create_category.go:38.45,40.4 1 0
github.com/Beigelman/nossas-despesas/internal/modules/category/controller/create_category.go:42.3,47.17 2 0
github.com/Beigelman/nossas-despesas/internal/modules/category/controller/create_category.go:47.17,49.4 1 0
github.com/Beigelman/nossas-despesas/internal/modules/category/controller/create_category.go:51.3,56.4 1 0
github.com/Beigelman/nossas-despesas/internal/modules/category/controller/create_category_group.go:28.98,30.36 2 0
github.com/Beigelman/nossas-despesas/internal/modules/category/controller/create_category_group.go:30.36,32.46 2 0
github.com/Beigelman/nossas-despesas/internal/modules/category/controller/create_category_group.go:32.46,34.4 1 0
github.com/Beigelman/nossas-despesas/internal/modules/category/controller/create_category_group.go:36.3,36.45 1 0
github.com/Beigelman/nossas-despesas/internal/modules/category/controller/create_category_group.go:36.45,38.4 1 0
github.com/Beigelman/nossas-despesas/internal/modules/category/controller/create_category_group.go:40.3,44.17 2 0
github.com/Beigelman/nossas-despesas/internal/modules/category/controller/create_category_group.go:44.17,46.4 1 0
github.com/Beigelman/nossas-despesas/internal/modules/category/controller/create_category_group.go:48.3,53.4 1 0
github.com/Beigelman/nossas-despesas/internal/modules/category/controller/get_categories.go:14.75,15.36 1 0
github.com/Beigelman/nossas-despesas/internal/modules/category/controller/get_categories.go:15.36,17.17 2 0
github.com/Beigelman/nossas-despesas/internal/modules/category/controller/get_categories.go:17.17,19.4 1 0
github.com/Beigelman/nossas-despesas/internal/modules/category/controller/get_categories.go:21.3,21.84 1 0
github.com/Beigelman/nossas-despesas/internal/modules/category/controller/router.go:14.3,24.2 6 0
github.com/Beigelman/nossas-despesas/internal/modules/category/module/category.go:13.123,23.50 9 0
github.com/Beigelman/nossas-despesas/internal/modules/category/module/category.go:23.50,23.90 1 0
github.com/Beigelman/nossas-despesas/internal/modules/auth/auth.go:40.67,42.16 2 5
github.com/Beigelman/nossas-despesas/internal/modules/auth/auth.go:42.16,44.3 1 0
github.com/Beigelman/nossas-despesas/internal/modules/auth/auth.go:46.2,58.8 2 5
github.com/Beigelman/nossas-despesas/internal/modules/auth/auth.go:67.53,79.2 1 0
github.com/Beigelman/nossas-despesas/internal/modules/auth/auth.go:81.52,82.23 1 5
github.com/Beigelman/nossas-despesas/internal/modules/auth/auth.go:82.23,84.3 1 0
github.com/Beigelman/nossas-despesas/internal/modules/auth/auth.go:86.2,87.19 2 5
github.com/Beigelman/nossas-despesas/internal/modules/auth/usecase/refresh_token.go:23.106,24.96 1 1
github.com/Beigelman/nossas-despesas/internal/modules/auth/usecase/refresh_token.go:24.96,26.17 2 5
github.com/Beigelman/nossas-despesas/internal/modules/auth/usecase/refresh_token.go:26.17,28.4 1 1
github.com/Beigelman/nossas-despesas/internal/modules/auth/usecase/refresh_token.go:30.3,31.17 2 4
github.com/Beigelman/nossas-despesas/internal/modules/auth/usecase/refresh_token.go:31.17,33.4 1 1
github.com/Beigelman/nossas-despesas/internal/modules/auth/usecase/refresh_token.go:35.3,35.17 1 3
github.com/Beigelman/nossas-despesas/internal/modules/auth/usecase/refresh_token.go:35.17,37.4 1 1
github.com/Beigelman/nossas-despesas/internal/modules/auth/usecase/refresh_token.go:39.3,40.17 2 2
github.com/Beigelman/nossas-despesas/internal/modules/auth/usecase/refresh_token.go:40.17,42.4 1 1
github.com/Beigelman/nossas-despesas/internal/modules/auth/usecase/refresh_token.go:44.3,48.9 1 1
github.com/Beigelman/nossas-despesas/internal/modules/auth/usecase/sign_in_with_credentials.go:27.142,28.106 1 1
github.com/Beigelman/nossas-despesas/internal/modules/auth/usecase/sign_in_with_credentials.go:28.106,30.17 2 7
github.com/Beigelman/nossas-despesas/internal/modules/auth/usecase/sign_in_with_credentials.go:30.17,32.4 1 1
github.com/Beigelman/nossas-despesas/internal/modules/auth/usecase/sign_in_with_credentials.go:34.3,34.28 1 6
github.com/Beigelman/nossas-despesas/internal/modules/auth/usecase/sign_in_with_credentials.go:34.28,36.4 1 1
github.com/Beigelman/nossas-despesas/internal/modules/auth/usecase/sign_in_with_credentials.go:38.3,38.48 1 5
github.com/Beigelman/nossas-despesas/internal/modules/auth/usecase/sign_in_with_credentials.go:38.48,40.4 1 1
github.com/Beigelman/nossas-despesas/internal/modules/auth/usecase/sign_in_with_credentials.go:42.3,43.17 2 4
github.com/Beigelman/nossas-despesas/internal/modules/auth/usecase/sign_in_with_credentials.go:43.17,45.4 1 1
github.com/Beigelman/nossas-despesas/internal/modules/auth/usecase/sign_in_with_credentials.go:47.3,47.17 1 3
github.com/Beigelman/nossas-despesas/internal/modules/auth/usecase/sign_in_with_credentials.go:47.17,50.4 2 1
github.com/Beigelman/nossas-despesas/internal/modules/auth/usecase/sign_in_with_credentials.go:52.3,53.17 2 2
github.com/Beigelman/nossas-despesas/internal/modules/auth/usecase/sign_in_with_credentials.go:53.17,55.4 1 1
github.com/Beigelman/nossas-despesas/internal/modules/auth/usecase/sign_in_with_credentials.go:57.3,61.9 1 1
github.com/Beigelman/nossas-despesas/internal/modules/auth/usecase/sign_in_with_google.go:26.132,27.96 1 0
github.com/Beigelman/nossas-despesas/internal/modules/auth/usecase/sign_in_with_google.go:27.96,29.17 2 0
github.com/Beigelman/nossas-despesas/internal/modules/auth/usecase/sign_in_with_google.go:29.17,31.4 1 0
github.com/Beigelman/nossas-despesas/internal/modules/auth/usecase/sign_in_with_google.go:33.3,34.10 2 0
github.com/Beigelman/nossas-despesas/internal/modules/auth/usecase/sign_in_with_google.go:34.10,36.4 1 0
github.com/Beigelman/nossas-despesas/internal/modules/auth/usecase/sign_in_with_google.go:38.3,39.10 2 0
github.com/Beigelman/nossas-despesas/internal/modules/auth/usecase/sign_in_with_google.go:39.10,41.4 1 0
github.com/Beigelman/nossas-despesas/internal/modules/auth/usecase/sign_in_with_google.go:43.3,44.10 2 0
github.com/Beigelman/nossas-despesas/internal/modules/auth/usecase/sign_in_with_google.go:44.10,46.4 1 0
github.com/Beigelman/nossas-despesas/internal/modules/auth/usecase/sign_in_with_google.go:48.3,50.10 3 0
github.com/Beigelman/nossas-despesas/internal/modules/auth/usecase/sign_in_with_google.go:50.10,52.4 1 0
github.com/Beigelman/nossas-despesas/internal/modules/auth/usecase/sign_in_with_google.go:52.9,54.4 1 0
github.com/Beigelman/nossas-despesas/internal/modules/auth/usecase/sign_in_with_google.go:57.3,58.17 2 0
github.com/Beigelman/nossas-despesas/internal/modules/auth/usecase/sign_in_with_google.go:58.17,60.4 1 0
github.com/Beigelman/nossas-despesas/internal/modules/auth/usecase/sign_in_with_google.go:62.3,63.26 2 0
github.com/Beigelman/nossas-despesas/internal/modules/auth/usecase/sign_in_with_google.go:63.26,64.67 1 0
github.com/Beigelman/nossas-despesas/internal/modules/auth/usecase/sign_in_with_google.go:64.67,66.61 2 0
github.com/Beigelman/nossas-despesas/internal/modules/auth/usecase/sign_in_with_google.go:66.61,68.6 1 0
github.com/Beigelman/nossas-despesas/internal/modules/auth/usecase/sign_in_with_google.go:70.4,70.22 1 0
github.com/Beigelman/nossas-despesas/internal/modules/auth/usecase/sign_in_with_google.go:71.9,79.51 2 0
github.com/Beigelman/nossas-despesas/internal/modules/auth/usecase/sign_in_with_google.go:79.51,81.5 1 0
github.com/Beigelman/nossas-despesas/internal/modules/auth/usecase/sign_in_with_google.go:85.3,86.17 2 0
github.com/Beigelman/nossas-despesas/internal/modules/auth/usecase/sign_in_with_google.go:86.17,88.4 1 0
github.com/Beigelman/nossas-despesas/internal/modules/auth/usecase/sign_in_with_google.go:90.3,90.26 1 0
github.com/Beigelman/nossas-despesas/internal/modules/auth/usecase/sign_in_with_google.go:90.26,97.57 2 0
github.com/Beigelman/nossas-despesas/internal/modules/auth/usecase/sign_in_with_google.go:97.57,99.5 1 0
github.com/Beigelman/nossas-despesas/internal/modules/auth/usecase/sign_in_with_google.go:103.3,104.17 2 0
github.com/Beigelman/nossas-despesas/internal/modules/auth/usecase/sign_in_with_google.go:104.17,106.4 1 0
github.com/Beigelman/nossas-despesas/internal/modules/auth/usecase/sign_in_with_google.go:108.3,112.9 1 0
github.com/Beigelman/nossas-despesas/internal/modules/auth/usecase/sign_up_with_credentials.go:31.142,32.106 1 1
github.com/Beigelman/nossas-despesas/internal/modules/auth/usecase/sign_up_with_credentials.go:32.106,34.17 2 7
github.com/Beigelman/nossas-despesas/internal/modules/auth/usecase/sign_up_with_credentials.go:34.17,36.4 1 1
github.com/Beigelman/nossas-despesas/internal/modules/auth/usecase/sign_up_with_credentials.go:38.3,38.26 1 6
github.com/Beigelman/nossas-despesas/internal/modules/auth/usecase/sign_up_with_credentials.go:38.26,40.4 1 1
github.com/Beigelman/nossas-despesas/internal/modules/auth/usecase/sign_up_with_credentials.go:42.3,42.43 1 5
github.com/Beigelman/nossas-despesas/internal/modules/auth/usecase/sign_up_with_credentials.go:42.43,44.4 1 1
github.com/Beigelman/nossas-despesas/internal/modules/auth/usecase/sign_up_with_credentials.go:46.3,47.17 2 4
github.com/Beigelman/nossas-despesas/internal/modules/auth/usecase/sign_up_with_credentials.go:47.17,49.4 1 1
github.com/Beigelman/nossas-despesas/internal/modules/auth/usecase/sign_up_with_credentials.go:51.3,52.26 2 3
github.com/Beigelman/nossas-despesas/internal/modules/auth/usecase/sign_up_with_credentials.go:52.26,54.4 1 3
github.com/Beigelman/nossas-despesas/internal/modules/auth/usecase/sign_up_with_credentials.go:54.9,63.51 2 0
github.com/Beigelman/nossas-despesas/internal/modules/auth/usecase/sign_up_with_credentials.go:63.51,65.5 1 0
github.com/Beigelman/nossas-despesas/internal/modules/auth/usecase/sign_up_with_credentials.go:68.3,73.17 2 3
github.com/Beigelman/nossas-despesas/internal/modules/auth/usecase/sign_up_with_credentials.go:73.17,75.4 1 0
github.com/Beigelman/nossas-despesas/internal/modules/auth/usecase/sign_up_with_credentials.go:77.3,77.56 1 3
github.com/Beigelman/nossas-despesas/internal/modules/auth/usecase/sign_up_with_credentials.go:77.56,79.4 1 1
github.com/Beigelman/nossas-despesas/internal/modules/auth/usecase/sign_up_with_credentials.go:81.3,82.17 2 2
github.com/Beigelman/nossas-despesas/internal/modules/auth/usecase/sign_up_with_credentials.go:82.17,84.4 1 1
github.com/Beigelman/nossas-despesas/internal/modules/auth/usecase/sign_up_with_credentials.go:86.3,90.9 1 1
github.com/Beigelman/nossas-despesas/internal/modules/category/category.go:26.34,38.2 1 0
github.com/Beigelman/nossas-despesas/internal/modules/category/group.go:24.41,35.2 1 0
github.com/Beigelman/nossas-despesas/internal/modules/expense/expense.go:57.45,59.27 2 0
github.com/Beigelman/nossas-despesas/internal/modules/expense/expense.go:59.27,61.3 1 0
github.com/Beigelman/nossas-despesas/internal/modules/expense/expense.go:62.2,80.43 2 0
github.com/Beigelman/nossas-despesas/internal/modules/expense/expense.go:80.43,82.3 1 0
github.com/Beigelman/nossas-despesas/internal/modules/expense/expense.go:84.2,84.22 1 0
github.com/Beigelman/nossas-despesas/internal/modules/expense/expense.go:87.52,88.19 1 0
github.com/Beigelman/nossas-despesas/internal/modules/expense/expense.go:88.19,90.3 1 0
github.com/Beigelman/nossas-despesas/internal/modules/expense/expense.go:91.2,91.21 1 0
github.com/Beigelman/nossas-despesas/internal/modules/expense/expense.go:91.21,93.3 1 0
github.com/Beigelman/nossas-despesas/internal/modules/expense/expense.go:94.2,94.27 1 0
github.com/Beigelman/nossas-despesas/internal/modules/expense/expense.go:94.27,96.3 1 0
github.com/Beigelman/nossas-despesas/internal/modules/expense/expense.go:97.2,97.26 1 0
github.com/Beigelman/nossas-despesas/internal/modules/expense/expense.go:97.26,99.3 1 0
github.com/Beigelman/nossas-despesas/internal/modules/expense/expense.go:100.2,100.25 1 0
github.com/Beigelman/nossas-despesas/internal/modules/expense/expense.go:100.25,102.3 1 0
github.com/Beigelman/nossas-despesas/internal/modules/expense/expense.go:103.2,103.25 1 0
github.com/Beigelman/nossas-despesas/internal/modules/expense/expense.go:103.25,105.3 1 0
github.com/Beigelman/nossas-despesas/internal/modules/expense/expense.go:106.2,106.24 1 0
github.com/Beigelman/nossas-despesas/internal/modules/expense/expense.go:106.24,108.3 1 0
github.com/Beigelman/nossas-despesas/internal/modules/expense/expense.go:109.2,109.22 1 0
github.com/Beigelman/nossas-despesas/internal/modules/expense/expense.go:109.22,111.3 1 0
github.com/Beigelman/nossas-despesas/internal/modules/expense/expense.go:112.2,112.25 1 0
github.com/Beigelman/nossas-despesas/internal/modules/expense/expense.go:112.25,114.3 1 0
github.com/Beigelman/nossas-despesas/internal/modules/expense/expense.go:115.2,115.24 1 0
github.com/Beigelman/nossas-despesas/internal/modules/expense/expense.go:115.24,117.3 1 0
github.com/Beigelman/nossas-despesas/internal/modules/expense/expense.go:118.2,121.37 3 0
github.com/Beigelman/nossas-despesas/internal/modules/expense/expense.go:121.37,123.3 1 0
github.com/Beigelman/nossas-despesas/internal/modules/expense/expense.go:125.2,125.12 1 0
github.com/Beigelman/nossas-despesas/internal/modules/expense/expense.go:128.28,133.2 4 0
github.com/Beigelman/nossas-despesas/internal/modules/expense/expense.go:135.36,136.80 1 0
github.com/Beigelman/nossas-despesas/internal/modules/expense/expense.go:136.80,138.3 1 0
github.com/Beigelman/nossas-despesas/internal/modules/expense/expense.go:140.2,140.65 1 0
github.com/Beigelman/nossas-despesas/internal/modules/expense/expense.go:140.65,142.3 1 0
github.com/Beigelman/nossas-despesas/internal/modules/expense/expense.go:144.2,144.57 1 0
github.com/Beigelman/nossas-despesas/internal/modules/expense/expense.go:144.57,146.3 1 0
github.com/Beigelman/nossas-despesas/internal/modules/expense/expense.go:148.2,148.12 1 0
github.com/Beigelman/nossas-despesas/internal/modules/expense/scheduled_expense.go:46.86,67.52 2 0
github.com/Beigelman/nossas-despesas/internal/modules/expense/scheduled_expense.go:67.52,69.3 1 0
github.com/Beigelman/nossas-despesas/internal/modules/expense/scheduled_expense.go:71.2,71.30 1 0
github.com/Beigelman/nossas-despesas/internal/modules/expense/scheduled_expense.go:74.45,75.18 1 0
github.com/Beigelman/nossas-despesas/internal/modules/expense/scheduled_expense.go:75.18,77.3 1 0
github.com/Beigelman/nossas-despesas/internal/modules/expense/scheduled_expense.go:79.2,79.19 1 0
github.com/Beigelman/nossas-despesas/internal/modules/expense/scheduled_expense.go:79.19,81.3 1 0
github.com/Beigelman/nossas-despesas/internal/modules/expense/scheduled_expense.go:83.2,83.12 1 0
github.com/Beigelman/nossas-despesas/internal/modules/expense/scheduled_expense.go:86.58,101.2 2 0
github.com/Beigelman/nossas-despesas/internal/modules/expense/scheduled_expense.go:103.58,104.18 1 0
github.com/Beigelman/nossas-despesas/internal/modules/expense/scheduled_expense.go:104.18,106.3 1 0
github.com/Beigelman/nossas-despesas/internal/modules/expense/scheduled_expense.go:108.2,108.31 1 0
github.com/Beigelman/nossas-despesas/internal/modules/expense/scheduled_expense.go:108.31,110.3 1 0
github.com/Beigelman/nossas-despesas/internal/modules/expense/scheduled_expense.go:112.2,114.63 3 0
github.com/Beigelman/nossas-despesas/internal/modules/expense/scheduled_expense.go:117.70,119.20 2 0
github.com/Beigelman/nossas-despesas/internal/modules/expense/scheduled_expense.go:119.20,121.3 1 0
github.com/Beigelman/nossas-despesas/internal/modules/expense/scheduled_expense.go:123.2,123.44 1 0
github.com/Beigelman/nossas-despesas/internal/modules/expense/scheduled_expense.go:126.53,131.2 4 0
github.com/Beigelman/nossas-despesas/internal/modules/expense/scheduled_expense.go:133.42,137.2 3 0
github.com/Beigelman/nossas-despesas/internal/modules/expense/split_ratio.go:17.36,19.2 1 0
github.com/Beigelman/nossas-despesas/internal/modules/expense/split_ratio.go:26.38,27.18 1 0
github.com/Beigelman/nossas-despesas/internal/modules/expense/split_ratio.go:27.18,29.3 1 0
github.com/Beigelman/nossas-despesas/internal/modules/expense/split_ratio.go:31.2,31.19 1 0
github.com/Beigelman/nossas-despesas/internal/modules/expense/split_ratio.go:31.19,33.3 1 0
github.com/Beigelman/nossas-despesas/internal/modules/expense/split_ratio.go:35.2,35.32 1 0
github.com/Beigelman/nossas-despesas/internal/modules/expense/split_ratio.go:38.38,43.2 1 0
github.com/Beigelman/nossas-despesas/internal/modules/expense/split_ratio.go:45.76,55.2 4 0
github.com/Beigelman/nossas-despesas/internal/modules/expense/split_ratio.go:57.36,62.2 1 0
github.com/Beigelman/nossas-despesas/internal/modules/group/group.go:22.31,32.2 1 0
github.com/Beigelman/nossas-despesas/internal/modules/group/group.go:34.38,36.2 1 0
github.com/Beigelman/nossas-despesas/internal/modules/group/invite.go:42.49,56.2 1 0
github.com/Beigelman/nossas-despesas/internal/modules/group/invite.go:58.46,60.2 1 0
github.com/Beigelman/nossas-despesas/internal/modules/group/invite.go:62.38,63.36 1 0
github.com/Beigelman/nossas-despesas/internal/modules/group/invite.go:63.36,65.3 1 0
github.com/Beigelman/nossas-despesas/internal/modules/group/invite.go:67.2,67.37 1 0
github.com/Beigelman/nossas-despesas/internal/modules/group/invite.go:67.37,69.3 1 0
github.com/Beigelman/nossas-despesas/internal/modules/group/invite.go:71.2,71.12 1 0
github.com/Beigelman/nossas-despesas/internal/modules/group/invite.go:74.33,75.37 1 0
github.com/Beigelman/nossas-despesas/internal/modules/group/invite.go:75.37,77.3 1 0
github.com/Beigelman/nossas-despesas/internal/modules/group/invite.go:79.2,80.12 2 0
github.com/Beigelman/nossas-despesas/internal/modules/group/invite.go:83.31,84.75 1 0
github.com/Beigelman/nossas-despesas/internal/modules/group/invite.go:84.75,86.3 1 0
github.com/Beigelman/nossas-despesas/internal/modules/group/invite.go:88.2,89.12 2 0
github.com/Beigelman/nossas-despesas/internal/modules/income/income.go:13.31,15.2 1 0
github.com/Beigelman/nossas-despesas/internal/modules/income/income.go:48.37,50.29 2 0
github.com/Beigelman/nossas-despesas/internal/modules/income/income.go:50.29,52.3 1 0
github.com/Beigelman/nossas-despesas/internal/modules/income/income.go:53.2,63.3 1 0
github.com/Beigelman/nossas-despesas/internal/modules/income/income.go:72.48,73.22 1 0
github.com/Beigelman/nossas-despesas/internal/modules/income/income.go:73.22,75.3 1 0
github.com/Beigelman/nossas-despesas/internal/modules/income/income.go:77.2,77.24 1 0
github.com/Beigelman/nossas-despesas/internal/modules/income/income.go:77.24,79.3 1 0
github.com/Beigelman/nossas-despesas/internal/modules/income/income.go:81.2,81.27 1 0
github.com/Beigelman/nossas-despesas/internal/modules/income/income.go:81.27,83.3 1 0
github.com/Beigelman/nossas-despesas/internal/modules/income/income.go:85.2,85.26 1 0
github.com/Beigelman/nossas-despesas/internal/modules/income/income.go:88.27,92.2 3 0
github.com/Beigelman/nossas-despesas/internal/modules/user/user.go:30.30,44.2 1 3
github.com/Beigelman/nossas-despesas/internal/modules/user/user.go:46.40,47.28 1 0
github.com/Beigelman/nossas-despesas/internal/modules/user/user.go:47.28,48.16 1 0
github.com/Beigelman/nossas-despesas/internal/modules/user/user.go:48.16,50.4 1 0
github.com/Beigelman/nossas-despesas/internal/modules/user/user.go:53.2,53.14 1 0
github.com/Beigelman/nossas-despesas/internal/modules/user/user.go:56.35,58.2 1 0
github.com/Beigelman/nossas-despesas/internal/modules/user/user.go:60.38,62.28 2 0
github.com/Beigelman/nossas-despesas/internal/modules/user/user.go:62.28,63.16 1 0
github.com/Beigelman/nossas-despesas/internal/modules/user/user.go:63.16,64.12 1 0
github.com/Beigelman/nossas-despesas/internal/modules/user/user.go:67.3,67.41 1 0
github.com/Beigelman/nossas-despesas/internal/modules/user/user.go:70.2,70.24 1 0
github.com/Beigelman/nossas-despesas/internal/modules/user/user.go:73.39,75.2 1 0
github.com/Beigelman/nossas-despesas/internal/modules/user/user.go:77.40,79.2 1 0
github.com/Beigelman/nossas-despesas/internal/pkg/except/http.go:16.64,18.22 2 5
github.com/Beigelman/nossas-despesas/internal/pkg/except/http.go:18.22,20.3 1 5
github.com/Beigelman/nossas-despesas/internal/pkg/except/http.go:21.2,21.11 1 5
github.com/Beigelman/nossas-despesas/internal/pkg/except/http.go:25.37,26.24 1 2
github.com/Beigelman/nossas-despesas/internal/pkg/except/http.go:26.24,28.3 1 2
github.com/Beigelman/nossas-despesas/internal/pkg/except/http.go:29.2,29.64 1 0
github.com/Beigelman/nossas-despesas/internal/pkg/except/http.go:33.56,36.2 2 0
github.com/Beigelman/nossas-despesas/internal/pkg/except/http.go:39.57,45.2 1 0
github.com/Beigelman/nossas-despesas/internal/pkg/except/http.go:48.37,50.2 1 0
github.com/Beigelman/nossas-despesas/internal/pkg/except/http_errors.go:5.55,7.2 1 1
github.com/Beigelman/nossas-despesas/internal/pkg/except/http_errors.go:9.57,11.2 1 3
github.com/Beigelman/nossas-despesas/internal/pkg/except/http_errors.go:13.66,15.2 1 1
github.com/Beigelman/nossas-despesas/internal/pkg/except/http_errors.go:17.59,19.2 1 0
github.com/Beigelman/nossas-despesas/internal/pkg/except/http_errors.go:21.56,23.2 1 0
github.com/Beigelman/nossas-despesas/internal/pkg/except/http_errors.go:25.55,27.2 1 0
github.com/Beigelman/nossas-despesas/internal/shared/infra/email/mailtrap_email_provider.go:26.69,28.2 1 0
github.com/Beigelman/nossas-despesas/internal/shared/infra/email/mailtrap_email_provider.go:30.78,32.29 2 0
github.com/Beigelman/nossas-despesas/internal/shared/infra/email/mailtrap_email_provider.go:32.29,34.3 1 0
github.com/Beigelman/nossas-despesas/internal/shared/infra/email/mailtrap_email_provider.go:36.2,49.16 2 0
github.com/Beigelman/nossas-despesas/internal/shared/infra/email/mailtrap_email_provider.go:49.16,51.3 1 0
github.com/Beigelman/nossas-despesas/internal/shared/infra/email/mailtrap_email_provider.go:53.2,53.29 1 0
github.com/Beigelman/nossas-despesas/internal/shared/infra/email/mailtrap_email_provider.go:53.29,55.3 1 0
github.com/Beigelman/nossas-despesas/internal/shared/infra/email/mailtrap_email_provider.go:57.2,57.12 1 0
github.com/Beigelman/nossas-despesas/internal/shared/infra/email/resend_email_provider.go:14.65,16.2 1 0
github.com/Beigelman/nossas-despesas/internal/shared/infra/email/resend_email_provider.go:18.76,28.72 2 0
github.com/Beigelman/nossas-despesas/internal/shared/infra/email/resend_email_provider.go:28.72,30.3 1 0
github.com/Beigelman/nossas-despesas/internal/shared/infra/email/resend_email_provider.go:32.2,32.12 1 0
github.com/Beigelman/nossas-despesas/internal/tests/mocks/mock_auth_Repository.go:22.69,24.2 1 20
github.com/Beigelman/nossas-despesas/internal/tests/mocks/mock_auth_Repository.go:27.117,30.19 2 14
github.com/Beigelman/nossas-despesas/internal/tests/mocks/mock_auth_Repository.go:30.19,31.52 1 0
github.com/Beigelman/nossas-despesas/internal/tests/mocks/mock_auth_Repository.go:34.2,36.93 3 14
github.com/Beigelman/nossas-despesas/internal/tests/mocks/mock_auth_Repository.go:36.93,38.3 1 0
github.com/Beigelman/nossas-despesas/internal/tests/mocks/mock_auth_Repository.go:39.2,39.84 1 14
github.com/Beigelman/nossas-despesas/internal/tests/mocks/mock_auth_Repository.go:39.84,41.3 1 0
github.com/Beigelman/nossas-despesas/internal/tests/mocks/mock_auth_Repository.go:41.8,42.24 1 14
github.com/Beigelman/nossas-despesas/internal/tests/mocks/mock_auth_Repository.go:42.24,44.4 1 14
github.com/Beigelman/nossas-despesas/internal/tests/mocks/mock_auth_Repository.go:47.2,47.79 1 14
github.com/Beigelman/nossas-despesas/internal/tests/mocks/mock_auth_Repository.go:47.79,49.3 1 0
github.com/Beigelman/nossas-despesas/internal/tests/mocks/mock_auth_Repository.go:49.8,51.3 1 14
github.com/Beigelman/nossas-despesas/internal/tests/mocks/mock_auth_Repository.go:53.2,53.15 1 14
github.com/Beigelman/nossas-despesas/internal/tests/mocks/mock_auth_Repository.go:65.145,67.2 1 14
github.com/Beigelman/nossas-despesas/internal/tests/mocks/mock_auth_Repository.go:69.152,70.40 1 0
github.com/Beigelman/nossas-despesas/internal/tests/mocks/mock_auth_Repository.go:70.40,72.3 1 0
github.com/Beigelman/nossas-despesas/internal/tests/mocks/mock_auth_Repository.go:73.2,73.11 1 0
github.com/Beigelman/nossas-despesas/internal/tests/mocks/mock_auth_Repository.go:76.117,79.2 2 14
github.com/Beigelman/nossas-despesas/internal/tests/mocks/mock_auth_Repository.go:81.162,84.2 2 0
github.com/Beigelman/nossas-despesas/internal/tests/mocks/mock_auth_Repository.go:87.92,90.19 2 0
github.com/Beigelman/nossas-despesas/internal/tests/mocks/mock_auth_Repository.go:90.19,91.49 1 0
github.com/Beigelman/nossas-despesas/internal/tests/mocks/mock_auth_Repository.go:94.2,96.83 3 0
github.com/Beigelman/nossas-despesas/internal/tests/mocks/mock_auth_Repository.go:96.83,98.3 1 0
github.com/Beigelman/nossas-despesas/internal/tests/mocks/mock_auth_Repository.go:99.2,99.74 1 0
github.com/Beigelman/nossas-despesas/internal/tests/mocks/mock_auth_Repository.go:99.74,101.3 1 0
github.com/Beigelman/nossas-despesas/internal/tests/mocks/mock_auth_Repository.go:101.8,102.24 1 0
github.com/Beigelman/nossas-despesas/internal/tests/mocks/mock_auth_Repository.go:102.24,104.4 1 0
github.com/Beigelman/nossas-despesas/internal/tests/mocks/mock_auth_Repository.go:107.2,107.69 1 0
github.com/Beigelman/nossas-despesas/internal/tests/mocks/mock_auth_Repository.go:107.69,109.3 1 0
github.com/Beigelman/nossas-despesas/internal/tests/mocks/mock_auth_Repository.go:109.8,111.3 1 0
github.com/Beigelman/nossas-despesas/internal/tests/mocks/mock_auth_Repository.go:113.2,113.15 1 0
github.com/Beigelman/nossas-despesas/internal/tests/mocks/mock_auth_Repository.go:124.114,126.2 1 0
github.com/Beigelman/nossas-despesas/internal/tests/mocks/mock_auth_Repository.go:128.124,129.40 1 0
github.com/Beigelman/nossas-despesas/internal/tests/mocks/mock_auth_Repository.go:129.40,131.3 1 0
github.com/Beigelman/nossas-despesas/internal/tests/mocks/mock_auth_Repository.go:132.2,132.11 1 0
github.com/Beigelman/nossas-despesas/internal/tests/mocks/mock_auth_Repository.go:135.111,138.2 2 0
github.com/Beigelman/nossas-despesas/internal/tests/mocks/mock_auth_Repository.go:140.146,143.2 2 0
github.com/Beigelman/nossas-despesas/internal/tests/mocks/mock_auth_Repository.go:146.51,149.19 2 3
github.com/Beigelman/nossas-despesas/internal/tests/mocks/mock_auth_Repository.go:149.19,150.51 1 0
github.com/Beigelman/nossas-despesas/internal/tests/mocks/mock_auth_Repository.go:153.2,154.47 2 3
github.com/Beigelman/nossas-despesas/internal/tests/mocks/mock_auth_Repository.go:154.47,156.3 1 0
github.com/Beigelman/nossas-despesas/internal/tests/mocks/mock_auth_Repository.go:156.8,158.3 1 3
github.com/Beigelman/nossas-despesas/internal/tests/mocks/mock_auth_Repository.go:160.2,160.11 1 3
github.com/Beigelman/nossas-despesas/internal/tests/mocks/mock_auth_Repository.go:169.87,171.2 1 3
github.com/Beigelman/nossas-despesas/internal/tests/mocks/mock_auth_Repository.go:173.97,174.40 1 0
github.com/Beigelman/nossas-despesas/internal/tests/mocks/mock_auth_Repository.go:174.40,176.3 1 0
github.com/Beigelman/nossas-despesas/internal/tests/mocks/mock_auth_Repository.go:177.2,177.11 1 0
github.com/Beigelman/nossas-despesas/internal/tests/mocks/mock_auth_Repository.go:180.101,183.2 2 3
github.com/Beigelman/nossas-despesas/internal/tests/mocks/mock_auth_Repository.go:185.114,188.2 2 0
github.com/Beigelman/nossas-despesas/internal/tests/mocks/mock_auth_Repository.go:191.83,194.19 2 3
github.com/Beigelman/nossas-despesas/internal/tests/mocks/mock_auth_Repository.go:194.19,195.47 1 0
github.com/Beigelman/nossas-despesas/internal/tests/mocks/mock_auth_Repository.go:198.2,199.72 2 3
github.com/Beigelman/nossas-despesas/internal/tests/mocks/mock_auth_Repository.go:199.72,201.3 1 0
github.com/Beigelman/nossas-despesas/internal/tests/mocks/mock_auth_Repository.go:201.8,203.3 1 3
github.com/Beigelman/nossas-despesas/internal/tests/mocks/mock_auth_Repository.go:205.2,205.11 1 3
github.com/Beigelman/nossas-despesas/internal/tests/mocks/mock_auth_Repository.go:216.114,218.2 1 3
github.com/Beigelman/nossas-despesas/internal/tests/mocks/mock_auth_Repository.go:220.127,221.40 1 0
github.com/Beigelman/nossas-despesas/internal/tests/mocks/mock_auth_Repository.go:221.40,223.3 1 0
github.com/Beigelman/nossas-despesas/internal/tests/mocks/mock_auth_Repository.go:224.2,224.11 1 0
github.com/Beigelman/nossas-despesas/internal/tests/mocks/mock_auth_Repository.go:227.91,230.2 2 3
github.com/Beigelman/nossas-despesas/internal/tests/mocks/mock_auth_Repository.go:232.131,235.2 2 0
github.com/Beigelman/nossas-despesas/internal/tests/mocks/mock_auth_Repository.go:242.24,246.19 3 2
github.com/Beigelman/nossas-despesas/internal/tests/mocks/mock_auth_Repository.go:246.19,246.49 1 2
github.com/Beigelman/nossas-despesas/internal/tests/mocks/mock_auth_Repository.go:248.2,248.13 1 2
github.com/Beigelman/nossas-despesas/internal/tests/mocks/mock_category_GroupRepository.go:22.87,24.2 1 0
github.com/Beigelman/nossas-despesas/internal/tests/mocks/mock_category_GroupRepository.go:27.115,30.19 2 0
github.com/Beigelman/nossas-despesas/internal/tests/mocks/mock_category_GroupRepository.go:30.19,31.49 1 0
github.com/Beigelman/nossas-despesas/internal/tests/mocks/mock_category_GroupRepository.go:34.2,36.97 3 0
github.com/Beigelman/nossas-despesas/internal/tests/mocks/mock_category_GroupRepository.go:36.97,38.3 1 0
github.com/Beigelman/nossas-despesas/internal/tests/mocks/mock_category_GroupRepository.go:39.2,39.88 1 0
github.com/Beigelman/nossas-despesas/internal/tests/mocks/mock_category_GroupRepository.go:39.88,41.3 1 0
github.com/Beigelman/nossas-despesas/internal/tests/mocks/mock_category_GroupRepository.go:41.8,42.24 1 0
github.com/Beigelman/nossas-despesas/internal/tests/mocks/mock_category_GroupRepository.go:42.24,44.4 1 0
github.com/Beigelman/nossas-despesas/internal/tests/mocks/mock_category_GroupRepository.go:47.2,47.78 1 0
github.com/Beigelman/nossas-despesas/internal/tests/mocks/mock_category_GroupRepository.go:47.78,49.3 1 0
github.com/Beigelman/nossas-despesas/internal/tests/mocks/mock_category_GroupRepository.go:49.8,51.3 1 0
github.com/Beigelman/nossas-despesas/internal/tests/mocks/mock_category_GroupRepository.go:53.2,53.15 1 0
github.com/Beigelman/nossas-despesas/internal/tests/mocks/mock_category_GroupRepository.go:64.132,66.2 1 0
github.com/Beigelman/nossas-despesas/internal/tests/mocks/mock_category_GroupRepository.go:68.151,69.40 1 0
github.com/Beigelman/nossas-despesas/internal/tests/mocks/mock_category_GroupRepository.go:69.40,71.3 1 0
github.com/Beigelman/nossas-despesas/internal/tests/mocks/mock_category_GroupRepository.go:72.2,72.11 1 0
github.com/Beigelman/nossas-despesas/internal/tests/mocks/mock_category_GroupRepository.go:75.134,78.2 2 0
github.com/Beigelman/nossas-despesas/internal/tests/mocks/mock_category_GroupRepository.go:80.178,83.2 2 0
github.com/Beigelman/nossas-despesas/internal/tests/mocks/mock_category_GroupRepository.go:86.109,89.19 2 0
github.com/Beigelman/nossas-despesas/internal/tests/mocks/mock_category_GroupRepository.go:89.19,90.51 1 0
github.com/Beigelman/nossas-despesas/internal/tests/mocks/mock_category_GroupRepository.go:93.2,95.87 3 0
github.com/Beigelman/nossas-despesas/internal/tests/mocks/mock_category_GroupRepository.go:95.87,97.3 1 0
github.com/Beigelman/nossas-despesas/internal/tests/mocks/mock_category_GroupRepository.go:98.2,98.78 1 0
github.com/Beigelman/nossas-despesas/internal/tests/mocks/mock_category_GroupRepository.go:98.78,100.3 1 0
github.com/Beigelman/nossas-despesas/internal/tests/mocks/mock_category_GroupRepository.go:100.8,101.24 1 0
github.com/Beigelman/nossas-despesas/internal/tests/mocks/mock_category_GroupRepository.go:101.24,103.4 1 0
github.com/Beigelman/nossas-despesas/internal/tests/mocks/mock_category_GroupRepository.go:106.2,106.68 1 0
github.com/Beigelman/nossas-despesas/internal/tests/mocks/mock_category_GroupRepository.go:106.68,108.3 1 0
github.com/Beigelman/nossas-despesas/internal/tests/mocks/mock_category_GroupRepository.go:108.8,110.3 1 0
github.com/Beigelman/nossas-despesas/internal/tests/mocks/mock_category_GroupRepository.go:112.2,112.15 1 0
github.com/Beigelman/nossas-despesas/internal/tests/mocks/mock_category_GroupRepository.go:123.138,125.2 1 0
github.com/Beigelman/nossas-despesas/internal/tests/mocks/mock_category_GroupRepository.go:127.147,128.40 1 0
github.com/Beigelman/nossas-despesas/internal/tests/mocks/mock_category_GroupRepository.go:128.40,130.3 1 0
github.com/Beigelman/nossas-despesas/internal/tests/mocks/mock_category_GroupRepository.go:131.2,131.11 1 0
github.com/Beigelman/nossas-despesas/internal/tests/mocks/mock_category_GroupRepository.go:134.138,137.2 2 0
github.com/Beigelman/nossas-despesas/internal/tests/mocks/mock_category_GroupRepository.go:139.172,142.2 2 0
github.com/Beigelman/nossas-despesas/internal/tests/mocks/mock_category_GroupRepository.go:145.69,148.19 2 0
github.com/Beigelman/nossas-despesas/internal/tests/mocks/mock_category_GroupRepository.go:148.19,149.51 1 0
github.com/Beigelman/nossas-despesas/internal/tests/mocks/mock_category_GroupRepository.go:152.2,153.56 2 0
github.com/Beigelman/nossas-despesas/internal/tests/mocks/mock_category_GroupRepository.go:153.56,155.3 1 0
github.com/Beigelman/nossas-despesas/internal/tests/mocks/mock_category_GroupRepository.go:155.8,157.3 1 0
github.com/Beigelman/nossas-despesas/internal/tests/mocks/mock_category_GroupRepository.go:159.2,159.11 1 0
github.com/Beigelman/nossas-despesas/internal/tests/mocks/mock_category_GroupRepository.go:168.105,170.2 1 0
github.com/Beigelman/nossas-despesas/internal/tests/mocks/mock_category_GroupRepository.go:172.115,173.40 1 0
github.com/Beigelman/nossas-despesas/internal/tests/mocks/mock_category_GroupRepository.go:173.40,175.3 1 0
github.com/Beigelman/nossas-despesas/internal/tests/mocks/mock_category_GroupRepository.go:176.2,176.11 1 0
github.com/Beigelman/nossas-despesas/internal/tests/mocks/mock_category_GroupRepository.go:179.128,182.2 2 0
github.com/Beigelman/nossas-despesas/internal/tests/mocks/mock_category_GroupRepository.go:184.141,187.2 2 0
github.com/Beigelman/nossas-despesas/internal/tests/mocks/mock_category_GroupRepository.go:190.97,193.19 2 0
github.com/Beigelman/nossas-despesas/internal/tests/mocks/mock_category_GroupRepository.go:193.19,194.47 1 0
github.com/Beigelman/nossas-despesas/internal/tests/mocks/mock_category_GroupRepository.go:197.2,198.77 2 0
github.com/Beigelman/nossas-despesas/internal/tests/mocks/mock_category_GroupRepository.go:198.77,200.3 1 0
github.com/Beigelman/nossas-despesas/internal/tests/mocks/mock_category_GroupRepository.go:200.8,202.3 1 0
github.com/Beigelman/nossas-despesas/internal/tests/mocks/mock_category_GroupRepository.go:204.2,204.11 1 0
github.com/Beigelman/nossas-despesas/internal/tests/mocks/mock_category_GroupRepository.go:215.132,217.2 1 0
github.com/Beigelman/nossas-despesas/internal/tests/mocks/mock_category_GroupRepository.go:219.150,220.40 1 0
github.com/Beigelman/nossas-despesas/internal/tests/mocks/mock_category_GroupRepository.go:220.40,222.3 1 0
github.com/Beigelman/nossas-despesas/internal/tests/mocks/mock_category_GroupRepository.go:223.2,223.11 1 0
github.com/Beigelman/nossas-despesas/internal/tests/mocks/mock_category_GroupRepository.go:226.109,229.2 2 0
github.com/Beigelman/nossas-despesas/internal/tests/mocks/mock_category_GroupRepository.go:231.154,234.2 2 0
github.com/Beigelman/nossas-despesas/internal/tests/mocks/mock_category_GroupRepository.go:241.33,245.19 3 0
github.com/Beigelman/nossas-despesas/internal/tests/mocks/mock_category_GroupRepository.go:245.19,245.49 1 0
github.com/Beigelman/nossas-despesas/internal/tests/mocks/mock_category_GroupRepository.go:247.2,247.13 1 0
github.com/Beigelman/nossas-despesas/internal/tests/mocks/mock_category_Repository.go:22.77,24.2 1 0
github.com/Beigelman/nossas-despesas/internal/tests/mocks/mock_category_Repository.go:27.108,30.19 2 0
github.com/Beigelman/nossas-despesas/internal/tests/mocks/mock_category_Repository.go:30.19,31.49 1 0
github.com/Beigelman/nossas-despesas/internal/tests/mocks/mock_category_Repository.go:34.2,36.95 3 0
github.com/Beigelman/nossas-despesas/internal/tests/mocks/mock_category_Repository.go:36.95,38.3 1 0
github.com/Beigelman/nossas-despesas/internal/tests/mocks/mock_category_Repository.go:39.2,39.86 1 0
github.com/Beigelman/nossas-despesas/internal/tests/mocks/mock_category_Repository.go:39.86,41.3 1 0
github.com/Beigelman/nossas-despesas/internal/tests/mocks/mock_category_Repository.go:41.8,42.24 1 0
github.com/Beigelman/nossas-despesas/internal/tests/mocks/mock_category_Repository.go:42.24,44.4 1 0
github.com/Beigelman/nossas-despesas/internal/tests/mocks/mock_category_Repository.go:47.2,47.73 1 0
github.com/Beigelman/nossas-despesas/internal/tests/mocks/mock_category_Repository.go:47.73,49.3 1 0
github.com/Beigelman/nossas-despesas/internal/tests/mocks/mock_category_Repository.go:49.8,51.3 1 0
github.com/Beigelman/nossas-despesas/internal/tests/mocks/mock_category_Repository.go:53.2,53.15 1 0
github.com/Beigelman/nossas-despesas/internal/tests/mocks/mock_category_Repository.go:64.122,66.2 1 0
github.com/Beigelman/nossas-despesas/internal/tests/mocks/mock_category_Repository.go:68.136,69.40 1 0
github.com/Beigelman/nossas-despesas/internal/tests/mocks/mock_category_Repository.go:69.40,71.3 1 0
github.com/Beigelman/nossas-despesas/internal/tests/mocks/mock_category_Repository.go:72.2,72.11 1 0
github.com/Beigelman/nossas-despesas/internal/tests/mocks/mock_category_Repository.go:75.127,78.2 2 0
github.com/Beigelman/nossas-despesas/internal/tests/mocks/mock_category_Repository.go:80.166,83.2 2 0
github.com/Beigelman/nossas-despesas/internal/tests/mocks/mock_category_Repository.go:86.107,89.19 2 0
github.com/Beigelman/nossas-despesas/internal/tests/mocks/mock_category_Repository.go:89.19,90.51 1 0
github.com/Beigelman/nossas-despesas/internal/tests/mocks/mock_category_Repository.go:93.2,95.90 3 0
github.com/Beigelman/nossas-despesas/internal/tests/mocks/mock_category_Repository.go:95.90,97.3 1 0
github.com/Beigelman/nossas-despesas/internal/tests/mocks/mock_category_Repository.go:98.2,98.81 1 0
github.com/Beigelman/nossas-despesas/internal/tests/mocks/mock_category_Repository.go:98.81,100.3 1 0
github.com/Beigelman/nossas-despesas/internal/tests/mocks/mock_category_Repository.go:100.8,101.24 1 0
github.com/Beigelman/nossas-despesas/internal/tests/mocks/mock_category_Repository.go:101.24,103.4 1 0
github.com/Beigelman/nossas-despesas/internal/tests/mocks/mock_category_Repository.go:106.2,106.68 1 0
github.com/Beigelman/nossas-despesas/internal/tests/mocks/mock_category_Repository.go:106.68,108.3 1 0
github.com/Beigelman/nossas-despesas/internal/tests/mocks/mock_category_Repository.go:108.8,110.3 1 0
github.com/Beigelman/nossas-despesas/internal/tests/mocks/mock_category_Repository.go:112.2,112.15 1 0
github.com/Beigelman/nossas-despesas/internal/tests/mocks/mock_category_Repository.go:123.128,125.2 1 0
github.com/Beigelman/nossas-despesas/internal/tests/mocks/mock_category_Repository.go:127.137,128.40 1 0
github.com/Beigelman/nossas-despesas/internal/tests/mocks/mock_category_Repository.go:128.40,130.3 1 0
github.com/Beigelman/nossas-despesas/internal/tests/mocks/mock_category_Repository.go:131.2,131.11 1 0
github.com/Beigelman/nossas-despesas/internal/tests/mocks/mock_category_Repository.go:134.131,137.2 2 0
github.com/Beigelman/nossas-despesas/internal/tests/mocks/mock_category_Repository.go:139.165,142.2 2 0
github.com/Beigelman/nossas-despesas/internal/tests/mocks/mock_category_Repository.go:145.59,148.19 2 0
github.com/Beigelman/nossas-despesas/internal/tests/mocks/mock_category_Repository.go:148.19,149.51 1 0
github.com/Beigelman/nossas-despesas/internal/tests/mocks/mock_category_Repository.go:152.2,153.51 2 0
github.com/Beigelman/nossas-despesas/internal/tests/mocks/mock_category_Repository.go:153.51,155.3 1 0
github.com/Beigelman/nossas-despesas/internal/tests/mocks/mock_category_Repository.go:155.8,157.3 1 0
github.com/Beigelman/nossas-despesas/internal/tests/mocks/mock_category_Repository.go:159.2,159.11 1 0
github.com/Beigelman/nossas-despesas/internal/tests/mocks/mock_category_Repository.go:168.95,170.2 1 0
github.com/Beigelman/nossas-despesas/internal/tests/mocks/mock_category_Repository.go:172.105,173.40 1 0
github.com/Beigelman/nossas-despesas/internal/tests/mocks/mock_category_Repository.go:173.40,175.3 1 0
github.com/Beigelman/nossas-despesas/internal/tests/mocks/mock_category_Repository.go:176.2,176.11 1 0
github.com/Beigelman/nossas-despesas/internal/tests/mocks/mock_category_Repository.go:179.113,182.2 2 0
github.com/Beigelman/nossas-despesas/internal/tests/mocks/mock_category_Repository.go:184.126,187.2 2 0
github.com/Beigelman/nossas-despesas/internal/tests/mocks/mock_category_Repository.go:190.95,193.19 2 0
github.com/Beigelman/nossas-despesas/internal/tests/mocks/mock_category_Repository.go:193.19,194.47 1 0
github.com/Beigelman/nossas-despesas/internal/tests/mocks/mock_category_Repository.go:197.2,198.80 2 0
github.com/Beigelman/nossas-despesas/internal/tests/mocks/mock_category_Repository.go:198.80,200.3 1 0
github.com/Beigelman/nossas-despesas/internal/tests/mocks/mock_category_Repository.go:200.8,202.3 1 0
github.com/Beigelman/nossas-despesas/internal/tests/mocks/mock_category_Repository.go:204.2,204.11 1 0
github.com/Beigelman/nossas-despesas/internal/tests/mocks/mock_category_Repository.go:215.122,217.2 1 0
github.com/Beigelman/nossas-despesas/internal/tests/mocks/mock_category_Repository.go:219.143,220.40 1 0
github.com/Beigelman/nossas-despesas/internal/tests/mocks/mock_category_Repository.go:220.40,222.3 1 0
github.com/Beigelman/nossas-despesas/internal/tests/mocks/mock_category_Repository.go:223.2,223.11 1 0
github.com/Beigelman/nossas-despesas/internal/tests/mocks/mock_category_Repository.go:226.99,229.2 2 0
github.com/Beigelman/nossas-despesas/internal/tests/mocks/mock_category_Repository.go:231.147,234.2 2 0
github.com/Beigelman/nossas-despesas/internal/tests/mocks/mock_category_Repository.go:241.28,245.19 3 0
github.com/Beigelman/nossas-despesas/internal/tests/mocks/mock_category_Repository.go:245.19,245.49 1 0
github.com/Beigelman/nossas-despesas/internal/tests/mocks/mock_category_Repository.go:247.2,247.13 1 0
github.com/Beigelman/nossas-despesas/internal/tests/mocks/mock_expense_Repository.go:25.75,27.2 1 0
github.com/Beigelman/nossas-despesas/internal/tests/mocks/mock_expense_Repository.go:30.99,33.19 2 0
github.com/Beigelman/nossas-despesas/internal/tests/mocks/mock_expense_Repository.go:33.19,34.51 1 0
github.com/Beigelman/nossas-despesas/internal/tests/mocks/mock_expense_Repository.go:37.2,38.79 2 0
github.com/Beigelman/nossas-despesas/internal/tests/mocks/mock_expense_Repository.go:38.79,40.3 1 0
github.com/Beigelman/nossas-despesas/internal/tests/mocks/mock_expense_Repository.go:40.8,42.3 1 0
github.com/Beigelman/nossas-despesas/internal/tests/mocks/mock_expense_Repository.go:44.2,44.11 1 0
github.com/Beigelman/nossas-despesas/internal/tests/mocks/mock_expense_Repository.go:55.130,57.2 1 0
github.com/Beigelman/nossas-despesas/internal/tests/mocks/mock_expense_Repository.go:59.150,60.40 1 0
github.com/Beigelman/nossas-despesas/internal/tests/mocks/mock_expense_Repository.go:60.40,62.3 1 0
github.com/Beigelman/nossas-despesas/internal/tests/mocks/mock_expense_Repository.go:63.2,63.11 1 0
github.com/Beigelman/nossas-despesas/internal/tests/mocks/mock_expense_Repository.go:66.105,69.2 2 0
github.com/Beigelman/nossas-despesas/internal/tests/mocks/mock_expense_Repository.go:71.152,74.2 2 0
github.com/Beigelman/nossas-despesas/internal/tests/mocks/mock_expense_Repository.go:77.131,80.19 2 0
github.com/Beigelman/nossas-despesas/internal/tests/mocks/mock_expense_Repository.go:80.19,81.56 1 0
github.com/Beigelman/nossas-despesas/internal/tests/mocks/mock_expense_Repository.go:84.2,86.102 3 0
github.com/Beigelman/nossas-despesas/internal/tests/mocks/mock_expense_Repository.go:86.102,88.3 1 0
github.com/Beigelman/nossas-despesas/internal/tests/mocks/mock_expense_Repository.go:89.2,89.93 1 0
github.com/Beigelman/nossas-despesas/internal/tests/mocks/mock_expense_Repository.go:89.93,91.3 1 0
github.com/Beigelman/nossas-despesas/internal/tests/mocks/mock_expense_Repository.go:91.8,92.24 1 0
github.com/Beigelman/nossas-despesas/internal/tests/mocks/mock_expense_Repository.go:92.24,94.4 1 0
github.com/Beigelman/nossas-despesas/internal/tests/mocks/mock_expense_Repository.go:97.2,97.81 1 0
github.com/Beigelman/nossas-despesas/internal/tests/mocks/mock_expense_Repository.go:97.81,99.3 1 0
github.com/Beigelman/nossas-despesas/internal/tests/mocks/mock_expense_Repository.go:99.8,101.3 1 0
github.com/Beigelman/nossas-despesas/internal/tests/mocks/mock_expense_Repository.go:103.2,103.15 1 0
github.com/Beigelman/nossas-despesas/internal/tests/mocks/mock_expense_Repository.go:115.157,117.2 1 0
github.com/Beigelman/nossas-despesas/internal/tests/mocks/mock_expense_Repository.go:119.166,120.40 1 0
github.com/Beigelman/nossas-despesas/internal/tests/mocks/mock_expense_Repository.go:120.40,122.3 1 0
github.com/Beigelman/nossas-despesas/internal/tests/mocks/mock_expense_Repository.go:123.2,123.11 1 0
github.com/Beigelman/nossas-despesas/internal/tests/mocks/mock_expense_Repository.go:126.138,129.2 2 0
github.com/Beigelman/nossas-despesas/internal/tests/mocks/mock_expense_Repository.go:131.185,134.2 2 0
github.com/Beigelman/nossas-despesas/internal/tests/mocks/mock_expense_Repository.go:137.104,140.19 2 0
github.com/Beigelman/nossas-despesas/internal/tests/mocks/mock_expense_Repository.go:140.19,141.49 1 0
github.com/Beigelman/nossas-despesas/internal/tests/mocks/mock_expense_Repository.go:144.2,146.92 3 0
github.com/Beigelman/nossas-despesas/internal/tests/mocks/mock_expense_Repository.go:146.92,148.3 1 0
github.com/Beigelman/nossas-despesas/internal/tests/mocks/mock_expense_Repository.go:149.2,149.83 1 0
github.com/Beigelman/nossas-despesas/internal/tests/mocks/mock_expense_Repository.go:149.83,151.3 1 0
github.com/Beigelman/nossas-despesas/internal/tests/mocks/mock_expense_Repository.go:151.8,152.24 1 0
github.com/Beigelman/nossas-despesas/internal/tests/mocks/mock_expense_Repository.go:152.24,154.4 1 0
github.com/Beigelman/nossas-despesas/internal/tests/mocks/mock_expense_Repository.go:157.2,157.72 1 0
github.com/Beigelman/nossas-despesas/internal/tests/mocks/mock_expense_Repository.go:157.72,159.3 1 0
github.com/Beigelman/nossas-despesas/internal/tests/mocks/mock_expense_Repository.go:159.8,161.3 1 0
github.com/Beigelman/nossas-despesas/internal/tests/mocks/mock_expense_Repository.go:163.2,163.15 1 0
github.com/Beigelman/nossas-despesas/internal/tests/mocks/mock_expense_Repository.go:174.120,176.2 1 0
github.com/Beigelman/nossas-despesas/internal/tests/mocks/mock_expense_Repository.go:178.133,179.40 1 0
github.com/Beigelman/nossas-despesas/internal/tests/mocks/mock_expense_Repository.go:179.40,181.3 1 0
github.com/Beigelman/nossas-despesas/internal/tests/mocks/mock_expense_Repository.go:182.2,182.11 1 0
github.com/Beigelman/nossas-despesas/internal/tests/mocks/mock_expense_Repository.go:185.123,188.2 2 0
github.com/Beigelman/nossas-despesas/internal/tests/mocks/mock_expense_Repository.go:190.161,193.2 2 0
github.com/Beigelman/nossas-despesas/internal/tests/mocks/mock_expense_Repository.go:196.57,199.19 2 0
github.com/Beigelman/nossas-despesas/internal/tests/mocks/mock_expense_Repository.go:199.19,200.51 1 0
github.com/Beigelman/nossas-despesas/internal/tests/mocks/mock_expense_Repository.go:203.2,204.50 2 0
github.com/Beigelman/nossas-despesas/internal/tests/mocks/mock_expense_Repository.go:204.50,206.3 1 0
github.com/Beigelman/nossas-despesas/internal/tests/mocks/mock_expense_Repository.go:206.8,208.3 1 0
github.com/Beigelman/nossas-despesas/internal/tests/mocks/mock_expense_Repository.go:210.2,210.11 1 0
github.com/Beigelman/nossas-despesas/internal/tests/mocks/mock_expense_Repository.go:219.93,221.2 1 0
github.com/Beigelman/nossas-despesas/internal/tests/mocks/mock_expense_Repository.go:223.103,224.40 1 0
github.com/Beigelman/nossas-despesas/internal/tests/mocks/mock_expense_Repository.go:224.40,226.3 1 0
github.com/Beigelman/nossas-despesas/internal/tests/mocks/mock_expense_Repository.go:227.2,227.11 1 0
github.com/Beigelman/nossas-despesas/internal/tests/mocks/mock_expense_Repository.go:230.110,233.2 2 0
github.com/Beigelman/nossas-despesas/internal/tests/mocks/mock_expense_Repository.go:235.123,238.2 2 0
github.com/Beigelman/nossas-despesas/internal/tests/mocks/mock_expense_Repository.go:241.92,244.19 2 0
github.com/Beigelman/nossas-despesas/internal/tests/mocks/mock_expense_Repository.go:244.19,245.47 1 0
github.com/Beigelman/nossas-despesas/internal/tests/mocks/mock_expense_Repository.go:248.2,249.78 2 0
github.com/Beigelman/nossas-despesas/internal/tests/mocks/mock_expense_Repository.go:249.78,251.3 1 0
github.com/Beigelman/nossas-despesas/internal/tests/mocks/mock_expense_Repository.go:251.8,253.3 1 0
github.com/Beigelman/nossas-despesas/internal/tests/mocks/mock_expense_Repository.go:255.2,255.11 1 0
github.com/Beigelman/nossas-despesas/internal/tests/mocks/mock_expense_Repository.go:266.120,268.2 1 0
github.com/Beigelman/nossas-despesas/internal/tests/mocks/mock_expense_Repository.go:270.139,271.40 1 0
github.com/Beigelman/nossas-despesas/internal/tests/mocks/mock_expense_Repository.go:271.40,273.3 1 0
github.com/Beigelman/nossas-despesas/internal/tests/mocks/mock_expense_Repository.go:274.2,274.11 1 0
github.com/Beigelman/nossas-despesas/internal/tests/mocks/mock_expense_Repository.go:277.97,280.2 2 0
github.com/Beigelman/nossas-despesas/internal/tests/mocks/mock_expense_Repository.go:282.143,285.2 2 0
github.com/Beigelman/nossas-despesas/internal/tests/mocks/mock_expense_Repository.go:292.27,296.19 3 0
github.com/Beigelman/nossas-despesas/internal/tests/mocks/mock_expense_Repository.go:296.19,296.49 1 0
github.com/Beigelman/nossas-despesas/internal/tests/mocks/mock_expense_Repository.go:298.2,298.13 1 0
github.com/Beigelman/nossas-despesas/internal/tests/mocks/mock_group_InviteRepository.go:21.83,23.2 1 0
github.com/Beigelman/nossas-despesas/internal/tests/mocks/mock_group_InviteRepository.go:26.109,29.19 2 0
github.com/Beigelman/nossas-despesas/internal/tests/mocks/mock_group_InviteRepository.go:29.19,30.49 1 0
github.com/Beigelman/nossas-despesas/internal/tests/mocks/mock_group_InviteRepository.go:33.2,35.93 3 0
github.com/Beigelman/nossas-despesas/internal/tests/mocks/mock_group_InviteRepository.go:35.93,37.3 1 0
github.com/Beigelman/nossas-despesas/internal/tests/mocks/mock_group_InviteRepository.go:38.2,38.84 1 0
github.com/Beigelman/nossas-despesas/internal/tests/mocks/mock_group_InviteRepository.go:38.84,40.3 1 0
github.com/Beigelman/nossas-despesas/internal/tests/mocks/mock_group_InviteRepository.go:40.8,41.24 1 0
github.com/Beigelman/nossas-despesas/internal/tests/mocks/mock_group_InviteRepository.go:41.24,43.4 1 0
github.com/Beigelman/nossas-despesas/internal/tests/mocks/mock_group_InviteRepository.go:46.2,46.76 1 0
github.com/Beigelman/nossas-despesas/internal/tests/mocks/mock_group_InviteRepository.go:46.76,48.3 1 0
github.com/Beigelman/nossas-despesas/internal/tests/mocks/mock_group_InviteRepository.go:48.8,50.3 1 0
github.com/Beigelman/nossas-despesas/internal/tests/mocks/mock_group_InviteRepository.go:52.2,52.15 1 0
github.com/Beigelman/nossas-despesas/internal/tests/mocks/mock_group_InviteRepository.go:63.128,65.2 1 0
github.com/Beigelman/nossas-despesas/internal/tests/mocks/mock_group_InviteRepository.go:67.145,68.40 1 0
github.com/Beigelman/nossas-despesas/internal/tests/mocks/mock_group_InviteRepository.go:68.40,70.3 1 0
github.com/Beigelman/nossas-despesas/internal/tests/mocks/mock_group_InviteRepository.go:71.2,71.11 1 0
github.com/Beigelman/nossas-despesas/internal/tests/mocks/mock_group_InviteRepository.go:74.128,77.2 2 0
github.com/Beigelman/nossas-despesas/internal/tests/mocks/mock_group_InviteRepository.go:79.170,82.2 2 0
github.com/Beigelman/nossas-despesas/internal/tests/mocks/mock_group_InviteRepository.go:85.107,88.19 2 0
github.com/Beigelman/nossas-despesas/internal/tests/mocks/mock_group_InviteRepository.go:88.19,89.52 1 0
github.com/Beigelman/nossas-despesas/internal/tests/mocks/mock_group_InviteRepository.go:92.2,94.85 3 0
github.com/Beigelman/nossas-despesas/internal/tests/mocks/mock_group_InviteRepository.go:94.85,96.3 1 0
github.com/Beigelman/nossas-despesas/internal/tests/mocks/mock_group_InviteRepository.go:97.2,97.76 1 0
github.com/Beigelman/nossas-despesas/internal/tests/mocks/mock_group_InviteRepository.go:97.76,99.3 1 0
github.com/Beigelman/nossas-despesas/internal/tests/mocks/mock_group_InviteRepository.go:99.8,100.24 1 0
github.com/Beigelman/nossas-despesas/internal/tests/mocks/mock_group_InviteRepository.go:100.24,102.4 1 0
github.com/Beigelman/nossas-despesas/internal/tests/mocks/mock_group_InviteRepository.go:105.2,105.68 1 0
github.com/Beigelman/nossas-despesas/internal/tests/mocks/mock_group_InviteRepository.go:105.68,107.3 1 0
github.com/Beigelman/nossas-despesas/internal/tests/mocks/mock_group_InviteRepository.go:107.8,109.3 1 0
github.com/Beigelman/nossas-despesas/internal/tests/mocks/mock_group_InviteRepository.go:111.2,111.15 1 0
github.com/Beigelman/nossas-despesas/internal/tests/mocks/mock_group_InviteRepository.go:122.137,124.2 1 0
github.com/Beigelman/nossas-despesas/internal/tests/mocks/mock_group_InviteRepository.go:126.146,127.40 1 0
github.com/Beigelman/nossas-despesas/internal/tests/mocks/mock_group_InviteRepository.go:127.40,129.3 1 0
github.com/Beigelman/nossas-despesas/internal/tests/mocks/mock_group_InviteRepository.go:130.2,130.11 1 0
github.com/Beigelman/nossas-despesas/internal/tests/mocks/mock_group_InviteRepository.go:133.134,136.2 2 0
github.com/Beigelman/nossas-despesas/internal/tests/mocks/mock_group_InviteRepository.go:138.168,141.2 2 0
github.com/Beigelman/nossas-despesas/internal/tests/mocks/mock_group_InviteRepository.go:144.138,147.19 2 0
github.com/Beigelman/nossas-despesas/internal/tests/mocks/mock_group_InviteRepository.go:147.19,148.64 1 0
github.com/Beigelman/nossas-despesas/internal/tests/mocks/mock_group_InviteRepository.go:151.2,153.96 3 0
github.com/Beigelman/nossas-despesas/internal/tests/mocks/mock_group_InviteRepository.go:153.96,155.3 1 0
github.com/Beigelman/nossas-despesas/internal/tests/mocks/mock_group_InviteRepository.go:156.2,156.87 1 0
github.com/Beigelman/nossas-despesas/internal/tests/mocks/mock_group_InviteRepository.go:156.87,158.3 1 0
github.com/Beigelman/nossas-despesas/internal/tests/mocks/mock_group_InviteRepository.go:158.8,159.24 1 0
github.com/Beigelman/nossas-despesas/internal/tests/mocks/mock_group_InviteRepository.go:159.24,161.4 1 0
github.com/Beigelman/nossas-despesas/internal/tests/mocks/mock_group_InviteRepository.go:164.2,164.78 1 0
github.com/Beigelman/nossas-despesas/internal/tests/mocks/mock_group_InviteRepository.go:164.78,166.3 1 0
github.com/Beigelman/nossas-despesas/internal/tests/mocks/mock_group_InviteRepository.go:166.8,168.3 1 0
github.com/Beigelman/nossas-despesas/internal/tests/mocks/mock_group_InviteRepository.go:170.2,170.15 1 0
github.com/Beigelman/nossas-despesas/internal/tests/mocks/mock_group_InviteRepository.go:182.182,184.2 1 0
github.com/Beigelman/nossas-despesas/internal/tests/mocks/mock_group_InviteRepository.go:186.188,187.40 1 0
github.com/Beigelman/nossas-despesas/internal/tests/mocks/mock_group_InviteRepository.go:187.40,189.3 1 0
github.com/Beigelman/nossas-despesas/internal/tests/mocks/mock_group_InviteRepository.go:190.2,190.11 1 0
github.com/Beigelman/nossas-despesas/internal/tests/mocks/mock_group_InviteRepository.go:193.159,196.2 2 0
github.com/Beigelman/nossas-despesas/internal/tests/mocks/mock_group_InviteRepository.go:198.203,201.2 2 0
github.com/Beigelman/nossas-despesas/internal/tests/mocks/mock_group_InviteRepository.go:204.65,207.19 2 0
github.com/Beigelman/nossas-despesas/internal/tests/mocks/mock_group_InviteRepository.go:207.19,208.51 1 0
github.com/Beigelman/nossas-despesas/internal/tests/mocks/mock_group_InviteRepository.go:211.2,212.54 2 0
github.com/Beigelman/nossas-despesas/internal/tests/mocks/mock_group_InviteRepository.go:212.54,214.3 1 0
github.com/Beigelman/nossas-despesas/internal/tests/mocks/mock_group_InviteRepository.go:214.8,216.3 1 0
github.com/Beigelman/nossas-despesas/internal/tests/mocks/mock_group_InviteRepository.go:218.2,218.11 1 0
github.com/Beigelman/nossas-despesas/internal/tests/mocks/mock_group_InviteRepository.go:227.101,229.2 1 0
github.com/Beigelman/nossas-despesas/internal/tests/mocks/mock_group_InviteRepository.go:231.111,232.40 1 0
github.com/Beigelman/nossas-despesas/internal/tests/mocks/mock_group_InviteRepository.go:232.40,234.3 1 0
github.com/Beigelman/nossas-despesas/internal/tests/mocks/mock_group_InviteRepository.go:235.2,235.11 1 0
github.com/Beigelman/nossas-despesas/internal/tests/mocks/mock_group_InviteRepository.go:238.122,241.2 2 0
github.com/Beigelman/nossas-despesas/internal/tests/mocks/mock_group_InviteRepository.go:243.135,246.2 2 0
github.com/Beigelman/nossas-despesas/internal/tests/mocks/mock_group_InviteRepository.go:249.93,252.19 2 0
github.com/Beigelman/nossas-despesas/internal/tests/mocks/mock_group_InviteRepository.go:252.19,253.47 1 0
github.com/Beigelman/nossas-despesas/internal/tests/mocks/mock_group_InviteRepository.go:256.2,257.75 2 0
github.com/Beigelman/nossas-despesas/internal/tests/mocks/mock_group_InviteRepository.go:257.75,259.3 1 0
github.com/Beigelman/nossas-despesas/internal/tests/mocks/mock_group_InviteRepository.go:259.8,261.3 1 0
github.com/Beigelman/nossas-despesas/internal/tests/mocks/mock_group_InviteRepository.go:263.2,263.11 1 0
github.com/Beigelman/nossas-despesas/internal/tests/mocks/mock_group_InviteRepository.go:274.128,276.2 1 0
github.com/Beigelman/nossas-despesas/internal/tests/mocks/mock_group_InviteRepository.go:278.144,279.40 1 0
github.com/Beigelman/nossas-despesas/internal/tests/mocks/mock_group_InviteRepository.go:279.40,281.3 1 0
github.com/Beigelman/nossas-despesas/internal/tests/mocks/mock_group_InviteRepository.go:282.2,282.11 1 0
github.com/Beigelman/nossas-despesas/internal/tests/mocks/mock_group_InviteRepository.go:285.105,288.2 2 0
github.com/Beigelman/nossas-despesas/internal/tests/mocks/mock_group_InviteRepository.go:290.148,293.2 2 0
github.com/Beigelman/nossas-despesas/internal/tests/mocks/mock_group_InviteRepository.go:300.31,304.19 3 0
github.com/Beigelman/nossas-despesas/internal/tests/mocks/mock_group_InviteRepository.go:304.19,304.49 1 0
github.com/Beigelman/nossas-despesas/internal/tests/mocks/mock_group_InviteRepository.go:306.2,306.13 1 0
github.com/Beigelman/nossas-despesas/internal/tests/mocks/mock_group_Repository.go:21.71,23.2 1 0
github.com/Beigelman/nossas-despesas/internal/tests/mocks/mock_group_Repository.go:26.96,29.19 2 0
github.com/Beigelman/nossas-despesas/internal/tests/mocks/mock_group_Repository.go:29.19,30.49 1 0
github.com/Beigelman/nossas-despesas/internal/tests/mocks/mock_group_Repository.go:33.2,35.86 3 0
github.com/Beigelman/nossas-despesas/internal/tests/mocks/mock_group_Repository.go:35.86,37.3 1 0
github.com/Beigelman/nossas-despesas/internal/tests/mocks/mock_group_Repository.go:38.2,38.77 1 0
github.com/Beigelman/nossas-despesas/internal/tests/mocks/mock_group_Repository.go:38.77,40.3 1 0
github.com/Beigelman/nossas-despesas/internal/tests/mocks/mock_group_Repository.go:40.8,41.24 1 0
github.com/Beigelman/nossas-despesas/internal/tests/mocks/mock_group_Repository.go:41.24,43.4 1 0
github.com/Beigelman/nossas-despesas/internal/tests/mocks/mock_group_Repository.go:46.2,46.70 1 0
github.com/Beigelman/nossas-despesas/internal/tests/mocks/mock_group_Repository.go:46.70,48.3 1 0
github.com/Beigelman/nossas-despesas/internal/tests/mocks/mock_group_Repository.go:48.8,50.3 1 0
github.com/Beigelman/nossas-despesas/internal/tests/mocks/mock_group_Repository.go:52.2,52.15 1 0
github.com/Beigelman/nossas-despesas/internal/tests/mocks/mock_group_Repository.go:63.116,65.2 1 0
github.com/Beigelman/nossas-despesas/internal/tests/mocks/mock_group_Repository.go:67.127,68.40 1 0
github.com/Beigelman/nossas-despesas/internal/tests/mocks/mock_group_Repository.go:68.40,70.3 1 0
github.com/Beigelman/nossas-despesas/internal/tests/mocks/mock_group_Repository.go:71.2,71.11 1 0
github.com/Beigelman/nossas-despesas/internal/tests/mocks/mock_group_Repository.go:74.115,77.2 2 0
github.com/Beigelman/nossas-despesas/internal/tests/mocks/mock_group_Repository.go:79.151,82.2 2 0
github.com/Beigelman/nossas-despesas/internal/tests/mocks/mock_group_Repository.go:85.98,88.19 2 0
github.com/Beigelman/nossas-despesas/internal/tests/mocks/mock_group_Repository.go:88.19,89.51 1 0
github.com/Beigelman/nossas-despesas/internal/tests/mocks/mock_group_Repository.go:92.2,94.84 3 0
github.com/Beigelman/nossas-despesas/internal/tests/mocks/mock_group_Repository.go:94.84,96.3 1 0
github.com/Beigelman/nossas-despesas/internal/tests/mocks/mock_group_Repository.go:97.2,97.75 1 0
github.com/Beigelman/nossas-despesas/internal/tests/mocks/mock_group_Repository.go:97.75,99.3 1 0
github.com/Beigelman/nossas-despesas/internal/tests/mocks/mock_group_Repository.go:99.8,100.24 1 0
github.com/Beigelman/nossas-despesas/internal/tests/mocks/mock_group_Repository.go:100.24,102.4 1 0
github.com/Beigelman/nossas-despesas/internal/tests/mocks/mock_group_Repository.go:105.2,105.68 1 0
github.com/Beigelman/nossas-despesas/internal/tests/mocks/mock_group_Repository.go:105.68,107.3 1 0
github.com/Beigelman/nossas-despesas/internal/tests/mocks/mock_group_Repository.go:107.8,109.3 1 0
github.com/Beigelman/nossas-despesas/internal/tests/mocks/mock_group_Repository.go:111.2,111.15 1 0
github.com/Beigelman/nossas-despesas/internal/tests/mocks/mock_group_Repository.go:122.122,124.2 1 0
github.com/Beigelman/nossas-despesas/internal/tests/mocks/mock_group_Repository.go:126.131,127.40 1 0
github.com/Beigelman/nossas-despesas/internal/tests/mocks/mock_group_Repository.go:127.40,129.3 1 0
github.com/Beigelman/nossas-despesas/internal/tests/mocks/mock_group_Repository.go:130.2,130.11 1 0
github.com/Beigelman/nossas-despesas/internal/tests/mocks/mock_group_Repository.go:133.119,136.2 2 0
github.com/Beigelman/nossas-despesas/internal/tests/mocks/mock_group_Repository.go:138.153,141.2 2 0
github.com/Beigelman/nossas-despesas/internal/tests/mocks/mock_group_Repository.go:144.53,147.19 2 0
github.com/Beigelman/nossas-despesas/internal/tests/mocks/mock_group_Repository.go:147.19,148.51 1 0
github.com/Beigelman/nossas-despesas/internal/tests/mocks/mock_group_Repository.go:151.2,152.48 2 0
github.com/Beigelman/nossas-despesas/internal/tests/mocks/mock_group_Repository.go:152.48,154.3 1 0
github.com/Beigelman/nossas-despesas/internal/tests/mocks/mock_group_Repository.go:154.8,156.3 1 0
github.com/Beigelman/nossas-despesas/internal/tests/mocks/mock_group_Repository.go:158.2,158.11 1 0
github.com/Beigelman/nossas-despesas/internal/tests/mocks/mock_group_Repository.go:167.89,169.2 1 0
github.com/Beigelman/nossas-despesas/internal/tests/mocks/mock_group_Repository.go:171.99,172.40 1 0
github.com/Beigelman/nossas-despesas/internal/tests/mocks/mock_group_Repository.go:172.40,174.3 1 0
github.com/Beigelman/nossas-despesas/internal/tests/mocks/mock_group_Repository.go:175.2,175.11 1 0
github.com/Beigelman/nossas-despesas/internal/tests/mocks/mock_group_Repository.go:178.104,181.2 2 0
github.com/Beigelman/nossas-despesas/internal/tests/mocks/mock_group_Repository.go:183.117,186.2 2 0
github.com/Beigelman/nossas-despesas/internal/tests/mocks/mock_group_Repository.go:189.86,192.19 2 0
github.com/Beigelman/nossas-despesas/internal/tests/mocks/mock_group_Repository.go:192.19,193.47 1 0
github.com/Beigelman/nossas-despesas/internal/tests/mocks/mock_group_Repository.go:196.2,197.74 2 0
github.com/Beigelman/nossas-despesas/internal/tests/mocks/mock_group_Repository.go:197.74,199.3 1 0
github.com/Beigelman/nossas-despesas/internal/tests/mocks/mock_group_Repository.go:199.8,201.3 1 0
github.com/Beigelman/nossas-despesas/internal/tests/mocks/mock_group_Repository.go:203.2,203.11 1 0
github.com/Beigelman/nossas-despesas/internal/tests/mocks/mock_group_Repository.go:214.116,216.2 1 0
github.com/Beigelman/nossas-despesas/internal/tests/mocks/mock_group_Repository.go:218.131,219.40 1 0
github.com/Beigelman/nossas-despesas/internal/tests/mocks/mock_group_Repository.go:219.40,221.3 1 0
github.com/Beigelman/nossas-despesas/internal/tests/mocks/mock_group_Repository.go:222.2,222.11 1 0
github.com/Beigelman/nossas-despesas/internal/tests/mocks/mock_group_Repository.go:225.93,228.2 2 0
github.com/Beigelman/nossas-despesas/internal/tests/mocks/mock_group_Repository.go:230.135,233.2 2 0
github.com/Beigelman/nossas-despesas/internal/tests/mocks/mock_group_Repository.go:240.25,244.19 3 0
github.com/Beigelman/nossas-despesas/internal/tests/mocks/mock_group_Repository.go:244.19,244.49 1 0
github.com/Beigelman/nossas-despesas/internal/tests/mocks/mock_group_Repository.go:246.2,246.13 1 0
github.com/Beigelman/nossas-despesas/internal/tests/mocks/mock_income_Repository.go:25.73,27.2 1 0
github.com/Beigelman/nossas-despesas/internal/tests/mocks/mock_income_Repository.go:30.100,33.19 2 0
github.com/Beigelman/nossas-despesas/internal/tests/mocks/mock_income_Repository.go:33.19,34.49 1 0
github.com/Beigelman/nossas-despesas/internal/tests/mocks/mock_income_Repository.go:37.2,39.89 3 0
github.com/Beigelman/nossas-despesas/internal/tests/mocks/mock_income_Repository.go:39.89,41.3 1 0
github.com/Beigelman/nossas-despesas/internal/tests/mocks/mock_income_Repository.go:42.2,42.80 1 0
github.com/Beigelman/nossas-despesas/internal/tests/mocks/mock_income_Repository.go:42.80,44.3 1 0
github.com/Beigelman/nossas-despesas/internal/tests/mocks/mock_income_Repository.go:44.8,45.24 1 0
github.com/Beigelman/nossas-despesas/internal/tests/mocks/mock_income_Repository.go:45.24,47.4 1 0
github.com/Beigelman/nossas-despesas/internal/tests/mocks/mock_income_Repository.go:50.2,50.71 1 0
github.com/Beigelman/nossas-despesas/internal/tests/mocks/mock_income_Repository.go:50.71,52.3 1 0
github.com/Beigelman/nossas-despesas/internal/tests/mocks/mock_income_Repository.go:52.8,54.3 1 0
github.com/Beigelman/nossas-despesas/internal/tests/mocks/mock_income_Repository.go:56.2,56.15 1 0
github.com/Beigelman/nossas-despesas/internal/tests/mocks/mock_income_Repository.go:67.118,69.2 1 0
github.com/Beigelman/nossas-despesas/internal/tests/mocks/mock_income_Repository.go:71.130,72.40 1 0
github.com/Beigelman/nossas-despesas/internal/tests/mocks/mock_income_Repository.go:72.40,74.3 1 0
github.com/Beigelman/nossas-despesas/internal/tests/mocks/mock_income_Repository.go:75.2,75.11 1 0
github.com/Beigelman/nossas-despesas/internal/tests/mocks/mock_income_Repository.go:78.119,81.2 2 0
github.com/Beigelman/nossas-despesas/internal/tests/mocks/mock_income_Repository.go:83.156,86.2 2 0
github.com/Beigelman/nossas-despesas/internal/tests/mocks/mock_income_Repository.go:89.55,92.19 2 0
github.com/Beigelman/nossas-despesas/internal/tests/mocks/mock_income_Repository.go:92.19,93.51 1 0
github.com/Beigelman/nossas-despesas/internal/tests/mocks/mock_income_Repository.go:96.2,97.49 2 0
github.com/Beigelman/nossas-despesas/internal/tests/mocks/mock_income_Repository.go:97.49,99.3 1 0
github.com/Beigelman/nossas-despesas/internal/tests/mocks/mock_income_Repository.go:99.8,101.3 1 0
github.com/Beigelman/nossas-despesas/internal/tests/mocks/mock_income_Repository.go:103.2,103.11 1 0
github.com/Beigelman/nossas-despesas/internal/tests/mocks/mock_income_Repository.go:112.91,114.2 1 0
github.com/Beigelman/nossas-despesas/internal/tests/mocks/mock_income_Repository.go:116.101,117.40 1 0
github.com/Beigelman/nossas-despesas/internal/tests/mocks/mock_income_Repository.go:117.40,119.3 1 0
github.com/Beigelman/nossas-despesas/internal/tests/mocks/mock_income_Repository.go:120.2,120.11 1 0
github.com/Beigelman/nossas-despesas/internal/tests/mocks/mock_income_Repository.go:123.107,126.2 2 0
github.com/Beigelman/nossas-despesas/internal/tests/mocks/mock_income_Repository.go:128.120,131.2 2 0
github.com/Beigelman/nossas-despesas/internal/tests/mocks/mock_income_Repository.go:134.134,137.19 2 0
github.com/Beigelman/nossas-despesas/internal/tests/mocks/mock_income_Repository.go:137.19,138.63 1 0
github.com/Beigelman/nossas-despesas/internal/tests/mocks/mock_income_Repository.go:141.2,143.100 3 0
github.com/Beigelman/nossas-despesas/internal/tests/mocks/mock_income_Repository.go:143.100,145.3 1 0
github.com/Beigelman/nossas-despesas/internal/tests/mocks/mock_income_Repository.go:146.2,146.91 1 0
github.com/Beigelman/nossas-despesas/internal/tests/mocks/mock_income_Repository.go:146.91,148.3 1 0
github.com/Beigelman/nossas-despesas/internal/tests/mocks/mock_income_Repository.go:148.8,149.24 1 0
github.com/Beigelman/nossas-despesas/internal/tests/mocks/mock_income_Repository.go:149.24,151.4 1 0
github.com/Beigelman/nossas-despesas/internal/tests/mocks/mock_income_Repository.go:154.2,154.81 1 0
github.com/Beigelman/nossas-despesas/internal/tests/mocks/mock_income_Repository.go:154.81,156.3 1 0
github.com/Beigelman/nossas-despesas/internal/tests/mocks/mock_income_Repository.go:156.8,158.3 1 0
github.com/Beigelman/nossas-despesas/internal/tests/mocks/mock_income_Repository.go:160.2,160.15 1 0
github.com/Beigelman/nossas-despesas/internal/tests/mocks/mock_income_Repository.go:172.168,174.2 1 0
github.com/Beigelman/nossas-despesas/internal/tests/mocks/mock_income_Repository.go:176.177,177.40 1 0
github.com/Beigelman/nossas-despesas/internal/tests/mocks/mock_income_Repository.go:177.40,179.3 1 0
github.com/Beigelman/nossas-despesas/internal/tests/mocks/mock_income_Repository.go:180.2,180.11 1 0
github.com/Beigelman/nossas-despesas/internal/tests/mocks/mock_income_Repository.go:183.148,186.2 2 0
github.com/Beigelman/nossas-despesas/internal/tests/mocks/mock_income_Repository.go:188.195,191.2 2 0
github.com/Beigelman/nossas-despesas/internal/tests/mocks/mock_income_Repository.go:194.89,197.19 2 0
github.com/Beigelman/nossas-despesas/internal/tests/mocks/mock_income_Repository.go:197.19,198.47 1 0
github.com/Beigelman/nossas-despesas/internal/tests/mocks/mock_income_Repository.go:201.2,202.76 2 0
github.com/Beigelman/nossas-despesas/internal/tests/mocks/mock_income_Repository.go:202.76,204.3 1 0
github.com/Beigelman/nossas-despesas/internal/tests/mocks/mock_income_Repository.go:204.8,206.3 1 0
github.com/Beigelman/nossas-despesas/internal/tests/mocks/mock_income_Repository.go:208.2,208.11 1 0
github.com/Beigelman/nossas-despesas/internal/tests/mocks/mock_income_Repository.go:219.118,221.2 1 0
github.com/Beigelman/nossas-despesas/internal/tests/mocks/mock_income_Repository.go:223.135,224.40 1 0
github.com/Beigelman/nossas-despesas/internal/tests/mocks/mock_income_Repository.go:224.40,226.3 1 0
github.com/Beigelman/nossas-despesas/internal/tests/mocks/mock_income_Repository.go:227.2,227.11 1 0
github.com/Beigelman/nossas-despesas/internal/tests/mocks/mock_income_Repository.go:230.95,233.2 2 0
github.com/Beigelman/nossas-despesas/internal/tests/mocks/mock_income_Repository.go:235.139,238.2 2 0
github.com/Beigelman/nossas-despesas/internal/tests/mocks/mock_income_Repository.go:245.26,249.19 3 0
github.com/Beigelman/nossas-despesas/internal/tests/mocks/mock_income_Repository.go:249.19,249.49 1 0
github.com/Beigelman/nossas-despesas/internal/tests/mocks/mock_income_Repository.go:251.2,251.13 1 0
github.com/Beigelman/nossas-despesas/internal/tests/mocks/mock_service_EmailProvider.go:21.81,23.2 1 0
github.com/Beigelman/nossas-despesas/internal/tests/mocks/mock_service_EmailProvider.go:26.86,29.19 2 0
github.com/Beigelman/nossas-despesas/internal/tests/mocks/mock_service_EmailProvider.go:29.19,30.46 1 0
github.com/Beigelman/nossas-despesas/internal/tests/mocks/mock_service_EmailProvider.go:33.2,34.73 2 0
github.com/Beigelman/nossas-despesas/internal/tests/mocks/mock_service_EmailProvider.go:34.73,36.3 1 0
github.com/Beigelman/nossas-despesas/internal/tests/mocks/mock_service_EmailProvider.go:36.8,38.3 1 0
github.com/Beigelman/nossas-despesas/internal/tests/mocks/mock_service_EmailProvider.go:40.2,40.11 1 0
github.com/Beigelman/nossas-despesas/internal/tests/mocks/mock_service_EmailProvider.go:51.121,53.2 1 0
github.com/Beigelman/nossas-despesas/internal/tests/mocks/mock_service_EmailProvider.go:55.135,56.40 1 0
github.com/Beigelman/nossas-despesas/internal/tests/mocks/mock_service_EmailProvider.go:56.40,58.3 1 0
github.com/Beigelman/nossas-despesas/internal/tests/mocks/mock_service_EmailProvider.go:59.2,59.11 1 0
github.com/Beigelman/nossas-despesas/internal/tests/mocks/mock_service_EmailProvider.go:62.101,65.2 2 0
github.com/Beigelman/nossas-despesas/internal/tests/mocks/mock_service_EmailProvider.go:67.142,70.2 2 0
github.com/Beigelman/nossas-despesas/internal/tests/mocks/mock_service_EmailProvider.go:77.30,81.19 3 0
github.com/Beigelman/nossas-despesas/internal/tests/mocks/mock_service_EmailProvider.go:81.19,81.49 1 0
github.com/Beigelman/nossas-despesas/internal/tests/mocks/mock_service_EmailProvider.go:83.2,83.13 1 0
github.com/Beigelman/nossas-despesas/internal/tests/mocks/mock_service_TokenProvider.go:21.81,23.2 1 11
[...]
github.com/Beigelman/nossas-despesas/internal/modules/user/postgres/user_repository.go:78.50,80.5 1 0
github.com/Beigelman/nossas-despesas/internal/modules/user/postgres/user_repository.go:81.4,81.14 1 1
github.com/Beigelman/nossas-despesas/internal/modules/user/postgres/user_repository.go:83.3,83.44 1 0
github.com/Beigelman/nossas-despesas/internal/modules/user/postgres/user_repository.go:86.2,86.12 1 3
github.com/Beigelman/nossas-despesas/internal/modules/user/postgres/user_repository.go:89.80,93.24 1 4
github.com/Beigelman/nossas-despesas/internal/modules/user/postgres/user_repository.go:93.24,95.3 1 1
github.com/Beigelman/nossas-despesas/internal/modules/user/postgres/user_repository.go:97.2,97.12 1 3
github.com/Beigelman/nossas-despesas/internal/modules/user/postgres/user_repository.go:100.80,105.16 2 1
github.com/Beigelman/nossas-despesas/internal/modules/user/postgres/user_repository.go:105.16,107.3 1 0
github.com/Beigelman/nossas-despesas/internal/modules/user/postgres/user_repository.go:109.2,110.16 2 1
github.com/Beigelman/nossas-despesas/internal/modules/user/postgres/user_repository.go:110.16,112.3 1 0
github.com/Beigelman/nossas-despesas/internal/modules/user/postgres/user_repository.go:114.2,114.23 1 1
github.com/Beigelman/nossas-despesas/internal/modules/user/postgres/user_repository.go:114.23,116.3 1 0
github.com/Beigelman/nossas-despesas/internal/modules/user/postgres/user_repository.go:118.2,118.12 1 1
github.com/Beigelman/nossas-despesas/internal/pkg/config/biding.go:10.51,14.34 2 0
github.com/Beigelman/nossas-despesas/internal/pkg/config/biding.go:14.34,16.3 1 0
github.com/Beigelman/nossas-despesas/internal/pkg/config/biding.go:19.2,19.38 1 0
github.com/Beigelman/nossas-despesas/internal/pkg/config/biding.go:19.38,22.41 2 0
github.com/Beigelman/nossas-despesas/internal/pkg/config/biding.go:22.41,24.4 1 0
github.com/Beigelman/nossas-despesas/internal/pkg/config/biding.go:27.2,27.12 1 0
github.com/Beigelman/nossas-despesas/internal/pkg/config/biding.go:30.48,31.39 1 0
github.com/Beigelman/nossas-despesas/internal/pkg/config/biding.go:31.39,33.3 1 0
github.com/Beigelman/nossas-despesas/internal/pkg/config/biding.go:35.2,35.12 1 0
github.com/Beigelman/nossas-despesas/internal/pkg/config/constructor.go:40.38,50.2 1 0
github.com/Beigelman/nossas-despesas/internal/pkg/config/load.go:9.45,15.24 5 0
github.com/Beigelman/nossas-despesas/internal/pkg/config/load.go:15.24,18.3 2 0
github.com/Beigelman/nossas-despesas/internal/pkg/config/load.go:20.2,21.35 2 0
github.com/Beigelman/nossas-despesas/internal/pkg/config/load.go:24.37,25.48 1 0
github.com/Beigelman/nossas-despesas/internal/pkg/config/load.go:25.48,27.3 1 0
github.com/Beigelman/nossas-despesas/internal/pkg/config/load.go:29.2,31.51 2 0
github.com/Beigelman/nossas-despesas/internal/pkg/config/load.go:31.51,33.3 1 0
github.com/Beigelman/nossas-despesas/internal/pkg/config/load.go:34.2,34.56 1 0
github.com/Beigelman/nossas-despesas/internal/pkg/config/load.go:34.56,36.3 1 0
github.com/Beigelman/nossas-despesas/internal/pkg/config/load.go:37.2,37.55 1 0
github.com/Beigelman/nossas-despesas/internal/pkg/config/load.go:37.55,39.3 1 0
github.com/Beigelman/nossas-despesas/internal/pkg/config/load.go:40.2,40.57 1 0
github.com/Beigelman/nossas-despesas/internal/pkg/config/load.go:40.57,42.3 1 0
github.com/Beigelman/nossas-despesas/internal/pkg/config/load.go:43.2,43.48 1 0
github.com/Beigelman/nossas-despesas/internal/pkg/config/load.go:43.48,45.3 1 0
github.com/Beigelman/nossas-despesas/internal/pkg/config/load.go:47.2,47.12 1 0
github.com/Beigelman/nossas-despesas/internal/pkg/config/load.go:50.46,51.33 1 0
github.com/Beigelman/nossas-despesas/internal/pkg/config/load.go:51.33,53.3 1 0
github.com/Beigelman/nossas-despesas/internal/pkg/config/load.go:54.2,54.144 1 0
github.com/Beigelman/nossas-despesas/internal/pkg/config/module.go:17.121,18.40 1 0
github.com/Beigelman/nossas-despesas/internal/pkg/config/module.go:18.40,20.17 2 0
github.com/Beigelman/nossas-despesas/internal/pkg/config/module.go:20.17,22.4 1 0
github.com/Beigelman/nossas-despesas/internal/pkg/config/module.go:24.3,26.42 3 0
github.com/Beigelman/nossas-despesas/internal/pkg/config/module.go:26.42,28.4 1 0
github.com/Beigelman/nossas-despesas/internal/pkg/config/module.go:30.3,32.19 2 0
github.com/Beigelman/nossas-despesas/internal/pkg/config/module.go:35.2,35.51 1 0
github.com/Beigelman/nossas-despesas/internal/pkg/config/module.go:35.51,37.33 2 0
github.com/Beigelman/nossas-despesas/internal/pkg/config/module.go:37.33,39.4 1 0
github.com/Beigelman/nossas-despesas/internal/pkg/config/module.go:39.9,41.4 1 0
github.com/Beigelman/nossas-despesas/internal/pkg/config/module.go:43.3,43.13 1 0
github.com/Beigelman/nossas-despesas/internal/pkg/db/client.go:27.30,34.2 1 1
github.com/Beigelman/nossas-despesas/internal/pkg/db/client.go:36.71,38.30 2 1
github.com/Beigelman/nossas-despesas/internal/pkg/db/client.go:38.30,39.37 1 1
github.com/Beigelman/nossas-despesas/internal/pkg/db/client.go:39.37,41.4 1 0
github.com/Beigelman/nossas-despesas/internal/pkg/db/client.go:44.2,45.16 2 1
github.com/Beigelman/nossas-despesas/internal/pkg/db/client.go:45.16,47.3 1 0
github.com/Beigelman/nossas-despesas/internal/pkg/db/client.go:49.2,57.20 7 1
github.com/Beigelman/nossas-despesas/internal/pkg/db/client.go:60.36,62.2 1 1
github.com/Beigelman/nossas-despesas/internal/pkg/db/client.go:64.34,65.21 1 1
github.com/Beigelman/nossas-despesas/internal/pkg/db/client.go:65.21,67.3 1 0
github.com/Beigelman/nossas-despesas/internal/pkg/db/client.go:69.2,69.25 1 1
github.com/Beigelman/nossas-despesas/internal/pkg/db/client.go:72.48,75.22 3 1
github.com/Beigelman/nossas-despesas/internal/pkg/db/client.go:75.22,77.3 1 1
github.com/Beigelman/nossas-despesas/internal/pkg/db/client.go:79.2,79.18 1 0
github.com/Beigelman/nossas-despesas/internal/pkg/db/client.go:82.50,83.22 1 0
github.com/Beigelman/nossas-despesas/internal/pkg/db/client.go:83.22,87.17 2 0
github.com/Beigelman/nossas-despesas/internal/pkg/db/client.go:87.17,89.4 1 0
github.com/Beigelman/nossas-despesas/internal/pkg/db/client.go:91.3,92.19 2 0
github.com/Beigelman/nossas-despesas/internal/pkg/db/client.go:92.19,94.18 2 0
github.com/Beigelman/nossas-despesas/internal/pkg/db/client.go:94.18,96.5 1 0
github.com/Beigelman/nossas-despesas/internal/pkg/db/client.go:98.4,98.88 1 0
github.com/Beigelman/nossas-despesas/internal/pkg/db/client.go:98.88,100.5 1 0
github.com/Beigelman/nossas-despesas/internal/pkg/db/client.go:103.3,103.13 1 0
github.com/Beigelman/nossas-despesas/internal/pkg/db/client.go:106.2,106.31 1 0
github.com/Beigelman/nossas-despesas/internal/pkg/db/client.go:106.31,107.84 1 0
github.com/Beigelman/nossas-despesas/internal/pkg/db/client.go:107.84,109.4 1 0
github.com/Beigelman/nossas-despesas/internal/pkg/db/client.go:112.2,112.12 1 0
github.com/Beigelman/nossas-despesas/internal/pkg/db/container.go:37.48,39.2 1 1
github.com/Beigelman/nossas-despesas/internal/pkg/db/container.go:49.69,51.2 1 1
github.com/Beigelman/nossas-despesas/internal/pkg/db/container.go:60.100,62.24 2 1
github.com/Beigelman/nossas-despesas/internal/pkg/db/container.go:62.24,64.3 1 1
github.com/Beigelman/nossas-despesas/internal/pkg/db/container.go:66.2,72.16 3 1
github.com/Beigelman/nossas-despesas/internal/pkg/db/container.go:72.16,74.3 1 0
github.com/Beigelman/nossas-despesas/internal/pkg/db/container.go:76.2,77.16 2 1
github.com/Beigelman/nossas-despesas/internal/pkg/db/container.go:77.16,79.3 1 0
github.com/Beigelman/nossas-despesas/internal/pkg/db/container.go:81.2,82.16 2 1
github.com/Beigelman/nossas-despesas/internal/pkg/db/container.go:82.16,84.3 1 0
github.com/Beigelman/nossas-despesas/internal/pkg/db/container.go:86.2,93.8 1 1
github.com/Beigelman/nossas-despesas/internal/pkg/db/container.go:96.85,97.21 1 1
github.com/Beigelman/nossas-despesas/internal/pkg/db/container.go:97.21,99.3 1 1
github.com/Beigelman/nossas-despesas/internal/pkg/db/container.go:101.2,101.20 1 1
github.com/Beigelman/nossas-despesas/internal/pkg/db/container.go:101.20,103.3 1 1
github.com/Beigelman/nossas-despesas/internal/pkg/db/container.go:103.8,105.3 1 0
github.com/Beigelman/nossas-despesas/internal/pkg/db/container.go:107.2,107.20 1 1
github.com/Beigelman/nossas-despesas/internal/pkg/db/container.go:107.20,109.3 1 1
github.com/Beigelman/nossas-despesas/internal/pkg/db/container.go:111.2,111.24 1 1
github.com/Beigelman/nossas-despesas/internal/pkg/db/container.go:111.24,113.3 1 1
github.com/Beigelman/nossas-despesas/internal/pkg/db/container.go:115.2,115.22 1 1
github.com/Beigelman/nossas-despesas/internal/pkg/db/container.go:115.22,117.3 1 1
github.com/Beigelman/nossas-despesas/internal/pkg/db/container.go:119.2,124.88 1 1
github.com/Beigelman/nossas-despesas/internal/pkg/db/container.go:124.88,126.5 1 1
github.com/Beigelman/nossas-despesas/internal/pkg/db/container.go:138.57,138.58 0 6
github.com/Beigelman/nossas-despesas/internal/pkg/db/migration.go:11.38,13.16 2 1
github.com/Beigelman/nossas-despesas/internal/pkg/db/migration.go:13.16,15.3 1 0
github.com/Beigelman/nossas-despesas/internal/pkg/db/migration.go:17.2,18.16 2 1
github.com/Beigelman/nossas-despesas/internal/pkg/db/migration.go:18.16,20.3 1 0
github.com/Beigelman/nossas-despesas/internal/pkg/db/migration.go:21.2,21.12 1 1
github.com/Beigelman/nossas-despesas/internal/pkg/db/migration.go:24.40,25.31 1 0
github.com/Beigelman/nossas-despesas/internal/pkg/db/migration.go:25.31,27.3 1 0
github.com/Beigelman/nossas-despesas/internal/pkg/db/migration.go:29.2,30.16 2 0
github.com/Beigelman/nossas-despesas/internal/pkg/db/migration.go:30.16,32.3 1 0
github.com/Beigelman/nossas-despesas/internal/pkg/db/migration.go:34.2,35.16 2 0
github.com/Beigelman/nossas-despesas/internal/pkg/db/migration.go:35.16,37.3 1 0
github.com/Beigelman/nossas-despesas/internal/pkg/db/migration.go:38.2,38.12 1 0
github.com/Beigelman/nossas-despesas/internal/pkg/db/migration.go:41.65,42.30 1 1
github.com/Beigelman/nossas-despesas/internal/pkg/db/migration.go:42.30,44.3 1 0
github.com/Beigelman/nossas-despesas/internal/pkg/db/migration.go:46.2,49.16 2 1
github.com/Beigelman/nossas-despesas/internal/pkg/db/migration.go:49.16,51.3 1 0
github.com/Beigelman/nossas-despesas/internal/pkg/db/migration.go:53.2,54.16 2 1
github.com/Beigelman/nossas-despesas/internal/pkg/db/migration.go:54.16,56.3 1 0
github.com/Beigelman/nossas-despesas/internal/pkg/db/migration.go:58.2,58.27 1 1
github.com/Beigelman/nossas-despesas/internal/pkg/db/module.go:13.123,14.58 1 0
github.com/Beigelman/nossas-despesas/internal/pkg/db/module.go:14.58,23.17 2 0
github.com/Beigelman/nossas-despesas/internal/pkg/db/module.go:23.17,25.4 1 0
github.com/Beigelman/nossas-despesas/internal/pkg/db/module.go:27.3,27.23 1 0
github.com/Beigelman/nossas-despesas/internal/pkg/db/module.go:30.2,30.54 1 0
github.com/Beigelman/nossas-despesas/internal/pkg/db/module.go:30.54,33.42 3 0
github.com/Beigelman/nossas-despesas/internal/pkg/db/module.go:33.42,35.4 1 0
github.com/Beigelman/nossas-despesas/internal/pkg/db/module.go:37.3,37.13 1 0
github.com/Beigelman/nossas-despesas/internal/pkg/db/options.go:28.39,29.31 1 0
github.com/Beigelman/nossas-despesas/internal/pkg/db/options.go:29.31,32.3 2 0
github.com/Beigelman/nossas-despesas/internal/pkg/db/options.go:44.39,45.31 1 0
github.com/Beigelman/nossas-despesas/internal/pkg/db/options.go:45.31,48.3 2 0
github.com/Beigelman/nossas-despesas/internal/pkg/db/options.go:60.52,61.31 1 0
github.com/Beigelman/nossas-despesas/internal/pkg/db/options.go:61.31,64.3 2 0
github.com/Beigelman/nossas-despesas/internal/pkg/db/options.go:76.52,77.31 1 0
github.com/Beigelman/nossas-despesas/internal/pkg/db/options.go:77.31,80.3 2 0
github.com/Beigelman/nossas-despesas/internal/pkg/db/options.go:93.44,94.31 1 1
github.com/Beigelman/nossas-despesas/internal/pkg/db/options.go:94.31,96.17 2 1
github.com/Beigelman/nossas-despesas/internal/pkg/db/options.go:96.17,98.4 1 0
github.com/Beigelman/nossas-despesas/internal/pkg/db/options.go:100.3,101.17 2 1
github.com/Beigelman/nossas-despesas/internal/pkg/db/options.go:101.17,103.4 1 0
github.com/Beigelman/nossas-despesas/internal/pkg/db/options.go:105.3,107.13 2 1
github.com/Beigelman/nossas-despesas/internal/pkg/db/options.go:111.53,113.6 2 1
github.com/Beigelman/nossas-despesas/internal/pkg/db/options.go:113.6,114.66 1 5
github.com/Beigelman/nossas-despesas/internal/pkg/db/options.go:114.66,116.4 1 1
github.com/Beigelman/nossas-despesas/internal/pkg/db/options.go:116.9,116.32 1 4
github.com/Beigelman/nossas-despesas/internal/pkg/db/options.go:116.32,118.24 2 4
github.com/Beigelman/nossas-despesas/internal/pkg/db/options.go:118.24,120.5 1 0
github.com/Beigelman/nossas-despesas/internal/pkg/db/options.go:121.4,121.19 1 4
github.com/Beigelman/nossas-despesas/internal/pkg/db/options.go:122.9,124.4 1 0
github.com/Beigelman/nossas-despesas/internal/pkg/db/transaction.go:49.110,51.19 2 0
github.com/Beigelman/nossas-despesas/internal/pkg/db/transaction.go:51.19,53.3 1 0
github.com/Beigelman/nossas-despesas/internal/pkg/db/transaction.go:53.8,55.3 1 0
github.com/Beigelman/nossas-despesas/internal/pkg/db/transaction.go:57.2,58.16 2 0
github.com/Beigelman/nossas-despesas/internal/pkg/db/transaction.go:58.16,60.3 1 0
github.com/Beigelman/nossas-despesas/internal/pkg/db/transaction.go:62.2,62.15 1 0
github.com/Beigelman/nossas-despesas/internal/pkg/db/transaction.go:62.15,64.29 2 0
github.com/Beigelman/nossas-despesas/internal/pkg/db/transaction.go:64.29,66.4 1 0
github.com/Beigelman/nossas-despesas/internal/pkg/db/transaction.go:68.3,68.55 1 0
github.com/Beigelman/nossas-despesas/internal/pkg/db/transaction.go:68.55,70.4 1 0
github.com/Beigelman/nossas-despesas/internal/pkg/db/transaction.go:72.3,72.15 1 0
github.com/Beigelman/nossas-despesas/internal/pkg/db/transaction.go:72.15,74.4 1 0
github.com/Beigelman/nossas-despesas/internal/pkg/db/transaction.go:77.2,78.16 2 0
github.com/Beigelman/nossas-despesas/internal/pkg/db/transaction.go:78.16,80.3 1 0
github.com/Beigelman/nossas-despesas/internal/pkg/db/transaction.go:82.2,83.16 2 0
github.com/Beigelman/nossas-despesas/internal/pkg/db/transaction.go:83.16,85.3 1 0
github.com/Beigelman/nossas-despesas/internal/pkg/db/transaction.go:87.2,87.12 1 0
github.com/Beigelman/nossas-despesas/internal/pkg/db/transaction.go:90.60,91.22 1 0
github.com/Beigelman/nossas-despesas/internal/pkg/db/transaction.go:91.22,96.3 1 0
github.com/Beigelman/nossas-despesas/internal/pkg/db/transaction.go:98.2,100.29 2 0
github.com/Beigelman/nossas-despesas/internal/pkg/db/transaction.go:101.37,102.35 1 0
github.com/Beigelman/nossas-despesas/internal/pkg/db/transaction.go:103.35,104.33 1 0
github.com/Beigelman/nossas-despesas/internal/pkg/db/transaction.go:105.36,106.34 1 0
github.com/Beigelman/nossas-despesas/internal/pkg/db/transaction.go:107.36,108.34 1 0
github.com/Beigelman/nossas-despesas/internal/pkg/db/transaction.go:109.30,110.28 1 0
github.com/Beigelman/nossas-despesas/internal/pkg/db/transaction.go:111.34,112.32 1 0
github.com/Beigelman/nossas-despesas/internal/pkg/db/transaction.go:113.34,114.32 1 0
github.com/Beigelman/nossas-despesas/internal/pkg/db/transaction.go:115.29,116.14 1 0
github.com/Beigelman/nossas-despesas/internal/pkg/db/transaction.go:117.10,118.27 1 0
github.com/Beigelman/nossas-despesas/internal/pkg/db/transaction.go:121.2,124.3 1 0
github.com/Beigelman/nossas-despesas/internal/pkg/dbtest/setup.go:22.58,26.17 3 1
github.com/Beigelman/nossas-despesas/internal/pkg/dbtest/setup.go:26.17,29.3 2 1
github.com/Beigelman/nossas-despesas/internal/pkg/dbtest/setup.go:32.2,51.19 10 1
github.com/Beigelman/nossas-despesas/internal/pkg/dbtest/setup.go:51.19,55.3 3 1
github.com/Beigelman/nossas-despesas/internal/pkg/dbtest/setup.go:57.2,57.15 1 1
github.com/Beigelman/nossas-despesas/internal/pkg/dbtest/setup.go:61.36,67.2 4 1
github.com/Beigelman/nossas-despesas/internal/pkg/dbtest/setup.go:71.57,72.80 1 1
github.com/Beigelman/nossas-despesas/internal/pkg/dbtest/setup.go:72.80,74.3 1 0
github.com/Beigelman/nossas-despesas/internal/pkg/dbtest/setup.go:75.2,75.12 1 1
github.com/Beigelman/nossas-despesas/internal/pkg/dbtest/setup.go:80.55,87.16 3 1
github.com/Beigelman/nossas-despesas/internal/pkg/dbtest/setup.go:87.16,89.3 1 0
github.com/Beigelman/nossas-despesas/internal/pkg/dbtest/setup.go:91.2,91.88 1 1
github.com/Beigelman/nossas-despesas/internal/pkg/dbtest/setup.go:91.88,93.3 1 0
github.com/Beigelman/nossas-despesas/internal/pkg/dbtest/setup.go:95.2,95.12 1 1
github.com/Beigelman/nossas-despesas/internal/pkg/env/environment.go:9.38,11.2 1 0
github.com/Beigelman/nossas-despesas/internal/pkg/env/environment.go:19.45,20.13 1 0
github.com/Beigelman/nossas-despesas/internal/pkg/env/environment.go:21.27,22.25 1 0
github.com/Beigelman/nossas-despesas/internal/pkg/env/environment.go:23.24,24.22 1 0
github.com/Beigelman/nossas-despesas/internal/pkg/env/environment.go:25.28,26.26 1 0
github.com/Beigelman/nossas-despesas/internal/pkg/env/environment.go:28.2,28.57 1 0
github.com/Beigelman/nossas-despesas/internal/pkg/env/environment.go:31.40,33.16 2 0
github.com/Beigelman/nossas-despesas/internal/pkg/env/environment.go:33.16,34.13 1 0
github.com/Beigelman/nossas-despesas/internal/pkg/env/environment.go:37.2,37.15 1 0
github.com/Beigelman/nossas-despesas/internal/pkg/except/http.go:16.64,18.22 2 0
github.com/Beigelman/nossas-despesas/internal/pkg/except/http.go:18.22,20.3 1 0
github.com/Beigelman/nossas-despesas/internal/pkg/except/http.go:21.2,21.11 1 0
github.com/Beigelman/nossas-despesas/internal/pkg/except/http.go:25.37,26.24 1 0
github.com/Beigelman/nossas-despesas/internal/pkg/except/http.go:26.24,28.3 1 0
github.com/Beigelman/nossas-despesas/internal/pkg/except/http.go:29.2,29.64 1 0
github.com/Beigelman/nossas-despesas/internal/pkg/except/http.go:33.56,36.2 2 0
github.com/Beigelman/nossas-despesas/internal/pkg/except/http.go:39.57,45.2 1 0
github.com/Beigelman/nossas-despesas/internal/pkg/except/http.go:48.37,50.2 1 0
github.com/Beigelman/nossas-despesas/internal/pkg/except/http_errors.go:5.55,7.2 1 0
github.com/Beigelman/nossas-despesas/internal/pkg/except/http_errors.go:9.57,11.2 1 0
github.com/Beigelman/nossas-despesas/internal/pkg/except/http_errors.go:13.66,15.2 1 0
github.com/Beigelman/nossas-despesas/internal/pkg/except/http_errors.go:17.59,19.2 1 0
github.com/Beigelman/nossas-despesas/internal/pkg/except/http_errors.go:21.56,23.2 1 0
github.com/Beigelman/nossas-despesas/internal/pkg/except/http_errors.go:25.55,27.2 1 0
github.com/Beigelman/nossas-despesas/internal/pkg/logger/log.go:12.45,14.2 1 0
github.com/Beigelman/nossas-despesas/internal/pkg/logger/log.go:16.53,22.2 1 0
github.com/Beigelman/nossas-despesas/internal/pkg/logger/log.go:24.54,30.2 1 0
github.com/Beigelman/nossas-despesas/internal/pkg/logger/log.go:32.49,33.23 1 0
github.com/Beigelman/nossas-despesas/internal/pkg/logger/log.go:33.23,35.3 1 0
github.com/Beigelman/nossas-despesas/internal/pkg/logger/log.go:36.2,36.23 1 0
github.com/Beigelman/nossas-despesas/internal/pkg/logger/log.go:39.52,40.22 1 0
github.com/Beigelman/nossas-despesas/internal/pkg/logger/log.go:40.22,42.3 1 0
github.com/Beigelman/nossas-despesas/internal/pkg/logger/log.go:44.2,44.20 1 0
github.com/Beigelman/nossas-despesas/internal/pkg/logger/log.go:44.20,46.3 1 0
github.com/Beigelman/nossas-despesas/internal/pkg/logger/log.go:48.2,48.21 1 0
github.com/Beigelman/nossas-despesas/internal/pkg/logger/log.go:48.21,50.3 1 0
github.com/Beigelman/nossas-despesas/internal/pkg/logger/log.go:52.2,52.10 1 0
github.com/Beigelman/nossas-despesas/internal/pkg/logger/log.go:55.43,56.32 1 0
github.com/Beigelman/nossas-despesas/internal/pkg/logger/log.go:57.15,58.25 1 0
github.com/Beigelman/nossas-despesas/internal/pkg/logger/log.go:59.14,60.24 1 0
github.com/Beigelman/nossas-despesas/internal/pkg/logger/log.go:61.14,62.24 1 0
github.com/Beigelman/nossas-despesas/internal/pkg/logger/log.go:63.15,64.25 1 0
github.com/Beigelman/nossas-despesas/internal/pkg/logger/log.go:65.10,66.24 1 0
